-------------------------------------------------------------------
                Welcome to TARZAN (Version 2.2)
        Copyright (c) 2001 Tim Menzies (tim@menzies.com)
              Copy policy: GPL-2 (see www.gnu.org)

...while on high, our hero watches for the right chance to strike!
-------------------------------------------------------------------

NOW: specified
CHANGES: specified
default: SCORE for Classes not specified

Read 10000 cases (37 attributes) from arch_def.data

 Worth=1.000000
 Granularity=3 Promising=-10000000.000000 Useful=1.000000 nChanges=1
 Treatment:[No Treatment]

 five_cost=vvlow_benefit:                                [    22 -  0%] 
 five_cost=vlow_benefit:~                               [    37 -  0%] 
 four_cost=vvlow_benefit:~~~~                            [   147 -  1%] 
 five_cost=low_benefit:~                               [    62 -  1%] 
 three_cost=vvlow_benefit:~~~~~~~~~~~~~~~                 [   477 -  5%] 
 five_cost=high_benefit:~~                              [    86 -  1%] 
 two_cost=vvlow_benefit:~~~~~~~~~~~~~~~~~~~~~~~         [   732 -  7%] 
 five_cost=vhigh_benefit:~~~                             [    99 -  1%] 
 one_cost=vvlow_benefit:~~~~~~~~~                       [   289 -  3%] 
 five_cost=vvhigh_benefit:~~~~~                           [   177 -  2%] 
 four_cost=vlow_benefit:~~~~~~~~~                       [   298 -  3%] 
 four_cost=low_benefit:~~~~~~~~~~~~~                   [   424 -  4%] 
 three_cost=vlow_benefit:~~~~~~~~~~~~~~~~~~~~~~~~        [   758 -  8%] 
 four_cost=high_benefit:~~~~~~~~~~~~~~~~~~~             [   602 -  6%] 
 two_cost=vlow_benefit:~~~~~~~~~~~~~~~~~~              [   573 -  6%] 
 four_cost=vhigh_benefit:~~~~~~~~~~~~~~~~~~~~~~~         [   736 -  7%] 
 four_cost=vvhigh_benefit:~~~~~~~~~~~~~~~~~~~~~~~~~~~~~~  [   945 -  9%] 
 three_cost=low_benefit:~~~~~~~~~~~~~~~~~~~~~~~~~~~     [   876 -  9%] 
 three_cost=high_benefit:~~~~~~~~~~~~~~~~~~~~~~~~~~~     [   851 -  9%] 
 two_cost=low_benefit:~~~~~~~~~                       [   304 -  3%] 
 three_cost=vhigh_benefit:~~~~~~~~~~~~~~~~~~~~~~~~        [   772 -  8%] 
 three_cost=vvhigh_benefit:~~~~~~~~~~~~~~~~~               [   536 -  5%] 
 two_cost=high_benefit:~~~~                            [   127 -  1%] 
 two_cost=vhigh_benefit:~                               [    59 -  1%] 
 two_cost=vvhigh_benefit:                                [    11 -  0%] 

	Confidence1 Distribution:

 -4927009:~~~~~                           [     1 -  5%] 
 -3310917:~~~~~                           [     1 -  5%] 
 -888119:~~~~~                           [     1 -  5%] 
 -526134:~~~~~                           [     1 -  5%] 
 -426500:~~~~~                           [     1 -  5%] 
   0:~~~~~~~~~~~~~~~~~~~~~~~~~~~~~~  [     6 - 30%] 
 76928:~~~~~                           [     1 -  5%] 
 247562:~~~~~                           [     1 -  5%] 
 256329:~~~~~~~~~~                      [     2 - 10%] 
 673683:~~~~~                           [     1 -  5%] 
 989804:~~~~~                           [     1 -  5%] 
 993349:~~~~~                           [     1 -  5%] 
 1185643:~~~~~                           [     1 -  5%] 
 1338371:~~~~~                           [     1 -  5%] 

Treatments learned on arch_def.data:
worth=1.026452	[c3=y] 
worth=1.130082	[abstractDataType of targetSystem=n] 
worth=1.145941	[c5=n] 
worth=1.191748	[implicitInvocation of targetSystem=n] 
worth=1.300685	[sharedData of targetSystem=n] 
worth=1.311979	[c2=y] 
worth=1.942645	[c4=y] 
worth=1.950815	[pipeAndFilter of targetSystem=n] 

 Worth=1.026452
 Granularity=3 Promising=-10000000.000000 Useful=1.000000 nChanges=1
 Treatment:[
	c3=y]

 five_cost=vvlow_benefit:                                [     3 -  0%] 
 five_cost=vlow_benefit:                                [    13 -  1%] 
 four_cost=vvlow_benefit:~~                              [    42 -  2%] 
 five_cost=low_benefit:                                [    11 -  1%] 
 three_cost=vvlow_benefit:~~~                             [    53 -  2%] 
 five_cost=high_benefit:~~                              [    32 -  1%] 
 two_cost=vvlow_benefit:~~                              [    33 -  2%] 
 five_cost=vhigh_benefit:~                               [    26 -  1%] 
 one_cost=vvlow_benefit:                                [     0 -  0%] 
 five_cost=vvhigh_benefit:~~~                             [    52 -  2%] 
 four_cost=vlow_benefit:~~~~~~                          [   103 -  5%] 
 four_cost=low_benefit:~~~~~~~~                        [   132 -  6%] 
 three_cost=vlow_benefit:~~~~~~                          [    98 -  5%] 
 four_cost=high_benefit:~~~~~~~~~~~~~~                  [   218 - 10%] 
 two_cost=vlow_benefit:~~~                             [    53 -  2%] 
 four_cost=vhigh_benefit:~~~~~~~~~~~~~~~~~~~             [   290 - 13%] 
 four_cost=vvhigh_benefit:~~~~~~~~~~~~~~~~~~~~~~~~~~~~~~  [   450 - 21%] 
 three_cost=low_benefit:~~~~~~~                         [   108 -  5%] 
 three_cost=high_benefit:~~~~~~~                         [   112 -  5%] 
 two_cost=low_benefit:~~                              [    41 -  2%] 
 three_cost=vhigh_benefit:~~~~~~~~                        [   128 -  6%] 
 three_cost=vvhigh_benefit:~~~~~~~~                        [   125 -  6%] 
 two_cost=high_benefit:~                               [    27 -  1%] 
 two_cost=vhigh_benefit:~                               [    16 -  1%] 
 two_cost=vvhigh_benefit:                                [     5 -  0%] 

 Worth=1.130082
 Granularity=3 Promising=-10000000.000000 Useful=1.000000 nChanges=1
 Treatment:[
	abstractDataType of targetSystem=n]

 five_cost=vvlow_benefit:                                [     0 -  0%] 
 five_cost=vlow_benefit:                                [     0 -  0%] 
 four_cost=vvlow_benefit:~~                              [    61 -  1%] 
 five_cost=low_benefit:                                [     0 -  0%] 
 three_cost=vvlow_benefit:~~~~~~~~~~~~~~~~                [   353 -  6%] 
 five_cost=high_benefit:                                [     0 -  0%] 
 two_cost=vvlow_benefit:~~~~~~~~~~~~~~~~~~~~~~~~~~~~~~  [   658 - 11%] 
 five_cost=vhigh_benefit:                                [     0 -  0%] 
 one_cost=vvlow_benefit:~~~~~~~~~~~~~                   [   289 -  5%] 
 five_cost=vvhigh_benefit:                                [     0 -  0%] 
 four_cost=vlow_benefit:~~~~                            [   106 -  2%] 
 four_cost=low_benefit:~~~~~~~                         [   156 -  3%] 
 three_cost=vlow_benefit:~~~~~~~~~~~~~~~~~~~~~~~~        [   537 -  9%] 
 four_cost=high_benefit:~~~~~~~~                        [   181 -  3%] 
 two_cost=vlow_benefit:~~~~~~~~~~~~~~~~~~~~~           [   469 -  8%] 
 four_cost=vhigh_benefit:~~~~~~~~~                       [   217 -  4%] 
 four_cost=vvhigh_benefit:~~~~~~~~~~                      [   225 -  4%] 
 three_cost=low_benefit:~~~~~~~~~~~~~~~~~~~~~~~~~~~~    [   630 - 11%] 
 three_cost=high_benefit:~~~~~~~~~~~~~~~~~~~~~~~~~~~~    [   618 - 11%] 
 two_cost=low_benefit:~~~~~~~~~~                      [   235 -  4%] 
 three_cost=vhigh_benefit:~~~~~~~~~~~~~~~~~~~~~~~~        [   546 -  9%] 
 three_cost=vvhigh_benefit:~~~~~~~~~~~~~~~                 [   343 -  6%] 
 two_cost=high_benefit:~~~                             [    87 -  2%] 
 two_cost=vhigh_benefit:~                               [    35 -  1%] 
 two_cost=vvhigh_benefit:                                [     5 -  0%] 

 Worth=1.145941
 Granularity=3 Promising=-10000000.000000 Useful=1.000000 nChanges=1
 Treatment:[
	c5=n]

 five_cost=vvlow_benefit:                                [     0 -  0%] 
 five_cost=vlow_benefit:                                [     0 -  0%] 
 four_cost=vvlow_benefit:                                [    15 -  0%] 
 five_cost=low_benefit:                                [     0 -  0%] 
 three_cost=vvlow_benefit:~~~~~~~~                        [   161 -  5%] 
 five_cost=high_benefit:                                [     0 -  0%] 
 two_cost=vvlow_benefit:~~~~~~~~~~~~~~~~~~~~~~~~~~~~~~  [   565 - 18%] 
 five_cost=vhigh_benefit:                                [     0 -  0%] 
 one_cost=vvlow_benefit:~~~~~~~~~~~~~~~                 [   289 -  9%] 
 five_cost=vvhigh_benefit:                                [     0 -  0%] 
 four_cost=vlow_benefit:~                               [    29 -  1%] 
 four_cost=low_benefit:~                               [    34 -  1%] 
 three_cost=vlow_benefit:~~~~~~~~~~~~                    [   242 -  8%] 
 four_cost=high_benefit:~~~                             [    63 -  2%] 
 two_cost=vlow_benefit:~~~~~~~~~~~~~~~~~~~~            [   394 - 13%] 
 four_cost=vhigh_benefit:~~                              [    42 -  1%] 
 four_cost=vvhigh_benefit:~~~                             [    61 -  2%] 
 three_cost=low_benefit:~~~~~~~~~~~~~~                  [   279 -  9%] 
 three_cost=high_benefit:~~~~~~~~~~~~~~                  [   276 -  9%] 
 two_cost=low_benefit:~~~~~~~~~                       [   178 -  6%] 
 three_cost=vhigh_benefit:~~~~~~~~~~~~~                   [   260 -  8%] 
 three_cost=vvhigh_benefit:~~~~~~~~                        [   166 -  5%] 
 two_cost=high_benefit:~~~                             [    71 -  2%] 
 two_cost=vhigh_benefit:~                               [    22 -  1%] 
 two_cost=vvhigh_benefit:                                [     2 -  0%] 

 Worth=1.191748
 Granularity=3 Promising=-10000000.000000 Useful=1.000000 nChanges=1
 Treatment:[
	implicitInvocation of targetSystem=n]

 five_cost=vvlow_benefit:                                [     0 -  0%] 
 five_cost=vlow_benefit:                                [     0 -  0%] 
 four_cost=vvlow_benefit:~~                              [    56 -  1%] 
 five_cost=low_benefit:                                [     0 -  0%] 
 three_cost=vvlow_benefit:~~~~~~~~~~~~~~                  [   295 -  5%] 
 five_cost=high_benefit:                                [     0 -  0%] 
 two_cost=vvlow_benefit:~~~~~~~~~~~~~~~~~~~~~~~~~~~~~   [   606 - 10%] 
 five_cost=vhigh_benefit:                                [     0 -  0%] 
 one_cost=vvlow_benefit:~~~~~~~~~~~                     [   225 -  4%] 
 five_cost=vvhigh_benefit:                                [     0 -  0%] 
 four_cost=vlow_benefit:~~~~~~                          [   132 -  2%] 
 four_cost=low_benefit:~~~~~~~~                        [   178 -  3%] 
 three_cost=vlow_benefit:~~~~~~~~~~~~~~~~~~~~~~~~        [   506 -  8%] 
 four_cost=high_benefit:~~~~~~~~~~~~~~~                 [   313 -  5%] 
 two_cost=vlow_benefit:~~~~~~~~~~~~~~~~~~~~~~~         [   477 -  8%] 
 four_cost=vhigh_benefit:~~~~~~~~~~~~~~~~~~~             [   401 -  6%] 
 four_cost=vvhigh_benefit:~~~~~~~~~~~~~~~~~~~~~~~~~~~~~~  [   610 - 10%] 
 three_cost=low_benefit:~~~~~~~~~~~~~~~~~~~~~~~~~~~     [   553 -  9%] 
 three_cost=high_benefit:~~~~~~~~~~~~~~~~~~~~~~~~~~~     [   568 -  9%] 
 two_cost=low_benefit:~~~~~~~~~~~~                    [   246 -  4%] 
 three_cost=vhigh_benefit:~~~~~~~~~~~~~~~~~~~~~~~~~~      [   539 -  9%] 
 three_cost=vvhigh_benefit:~~~~~~~~~~~~~~~~~~~             [   398 -  6%] 
 two_cost=high_benefit:~~~~~                           [   106 -  2%] 
 two_cost=vhigh_benefit:~~                              [    46 -  1%] 
 two_cost=vvhigh_benefit:                                [     9 -  0%] 

 Worth=1.300685
 Granularity=3 Promising=-10000000.000000 Useful=1.000000 nChanges=1
 Treatment:[
	sharedData of targetSystem=n]

 five_cost=vvlow_benefit:                                [     0 -  0%] 
 five_cost=vlow_benefit:                                [     0 -  0%] 
 four_cost=vvlow_benefit:~                               [    30 -  1%] 
 five_cost=low_benefit:                                [     0 -  0%] 
 three_cost=vvlow_benefit:~~~~~~~                         [   156 -  4%] 
 five_cost=high_benefit:                                [     0 -  0%] 
 two_cost=vvlow_benefit:~~~~~~~~~~~~~~~~~~~~~~~~~~~~~~  [   625 - 17%] 
 five_cost=vhigh_benefit:                                [     0 -  0%] 
 one_cost=vvlow_benefit:~~~~~~~~~~~~~                   [   289 -  8%] 
 five_cost=vvhigh_benefit:                                [     0 -  0%] 
 four_cost=vlow_benefit:~~                              [    59 -  2%] 
 four_cost=low_benefit:~~~~                            [    87 -  2%] 
 three_cost=vlow_benefit:~~~~~~~~~~~~                    [   258 -  7%] 
 four_cost=high_benefit:~~~~                            [   101 -  3%] 
 two_cost=vlow_benefit:~~~~~~~~~~~~~~~~~~~~~~~         [   488 - 14%] 
 four_cost=vhigh_benefit:~~~~~                           [   111 -  3%] 
 four_cost=vvhigh_benefit:~~~~                            [   102 -  3%] 
 three_cost=low_benefit:~~~~~~~~~~~~~                   [   286 -  8%] 
 three_cost=high_benefit:~~~~~~~~~~~~                    [   251 -  7%] 
 two_cost=low_benefit:~~~~~~~~~~~~                    [   252 -  7%] 
 three_cost=vhigh_benefit:~~~~~~~~~~                      [   210 -  6%] 
 three_cost=vvhigh_benefit:~~~~~~                          [   130 -  4%] 
 two_cost=high_benefit:~~~~~                           [   108 -  3%] 
 two_cost=vhigh_benefit:~~                              [    50 -  1%] 
 two_cost=vvhigh_benefit:                                [     8 -  0%] 

 Worth=1.311979
 Granularity=3 Promising=-10000000.000000 Useful=1.000000 nChanges=1
 Treatment:[
	c2=y]

 five_cost=vvlow_benefit:                                [     0 -  0%] 
 five_cost=vlow_benefit:                                [     0 -  0%] 
 four_cost=vvlow_benefit:~                               [    30 -  1%] 
 five_cost=low_benefit:                                [     0 -  0%] 
 three_cost=vvlow_benefit:~~~~~~~~                        [   156 -  5%] 
 five_cost=high_benefit:                                [     0 -  0%] 
 two_cost=vvlow_benefit:~~~~~~~~~~~~~~~~~~~~~~~~~~~~~~  [   558 - 16%] 
 five_cost=vhigh_benefit:                                [     0 -  0%] 
 one_cost=vvlow_benefit:~~~~~~~~~~~                     [   218 -  6%] 
 five_cost=vvhigh_benefit:                                [     0 -  0%] 
 four_cost=vlow_benefit:~~~                             [    59 -  2%] 
 four_cost=low_benefit:~~~~                            [    87 -  3%] 
 three_cost=vlow_benefit:~~~~~~~~~~~~~                   [   258 -  8%] 
 four_cost=high_benefit:~~~~~                           [   101 -  3%] 
 two_cost=vlow_benefit:~~~~~~~~~~~~~~~~~~~~~~~         [   445 - 13%] 
 four_cost=vhigh_benefit:~~~~~                           [   111 -  3%] 
 four_cost=vvhigh_benefit:~~~~~                           [   102 -  3%] 
 three_cost=low_benefit:~~~~~~~~~~~~~~~                 [   286 -  8%] 
 three_cost=high_benefit:~~~~~~~~~~~~~                   [   251 -  7%] 
 two_cost=low_benefit:~~~~~~~~~~~~                    [   230 -  7%] 
 three_cost=vhigh_benefit:~~~~~~~~~~~                     [   210 -  6%] 
 three_cost=vvhigh_benefit:~~~~~~                          [   130 -  4%] 
 two_cost=high_benefit:~~~~~                           [    97 -  3%] 
 two_cost=vhigh_benefit:~~                              [    46 -  1%] 
 two_cost=vvhigh_benefit:                                [     8 -  0%] 

 Worth=1.942645
 Granularity=3 Promising=-10000000.000000 Useful=1.000000 nChanges=1
 Treatment:[
	c4=y]

 five_cost=vvlow_benefit:                                [     0 -  0%] 
 five_cost=vlow_benefit:                                [     0 -  0%] 
 four_cost=vvlow_benefit:                                [     0 -  0%] 
 five_cost=low_benefit:                                [     0 -  0%] 
 three_cost=vvlow_benefit:~~~~~~~~~~                      [    86 -  5%] 
 five_cost=high_benefit:                                [     0 -  0%] 
 two_cost=vvlow_benefit:~~~~~~~~~~~~~~~~~~~~~~~         [   188 - 11%] 
 five_cost=vhigh_benefit:                                [     0 -  0%] 
 one_cost=vvlow_benefit:~~~~~~~~~~~~~~~~~~~~~~~~~~~~~~  [   239 - 14%] 
 five_cost=vvhigh_benefit:                                [     0 -  0%] 
 four_cost=vlow_benefit:                                [     0 -  0%] 
 four_cost=low_benefit:                                [     1 -  0%] 
 three_cost=vlow_benefit:~~~~~~~~~~~~~~~~~               [   137 -  8%] 
 four_cost=high_benefit:                                [     0 -  0%] 
 two_cost=vlow_benefit:~~~~~~~~~~~~~~~~~~~~~~~~~       [   201 - 12%] 
 four_cost=vhigh_benefit:                                [     3 -  0%] 
 four_cost=vvhigh_benefit:                                [     7 -  0%] 
 three_cost=low_benefit:~~~~~~~~~~~~~~~~~~~~~           [   174 - 10%] 
 three_cost=high_benefit:~~~~~~~~~~~~~~~~~~~             [   156 -  9%] 
 two_cost=low_benefit:~~~~~~~~~~~~~~~~                [   128 -  7%] 
 three_cost=vhigh_benefit:~~~~~~~~~~~~~~~~~~              [   151 -  9%] 
 three_cost=vvhigh_benefit:~~~~~~~~~~~~~~~~~~              [   144 -  8%] 
 two_cost=high_benefit:~~~~~~                          [    55 -  3%] 
 two_cost=vhigh_benefit:~~~~                            [    32 -  2%] 
 two_cost=vvhigh_benefit:~                               [     9 -  1%] 

 Worth=1.950815
 Granularity=3 Promising=-10000000.000000 Useful=1.000000 nChanges=1
 Treatment:[
	pipeAndFilter of targetSystem=n]

 five_cost=vvlow_benefit:                                [     0 -  0%] 
 five_cost=vlow_benefit:                                [     0 -  0%] 
 four_cost=vvlow_benefit:                                [     0 -  0%] 
 five_cost=low_benefit:                                [     0 -  0%] 
 three_cost=vvlow_benefit:~~~~~~~~~~~                     [   111 -  5%] 
 five_cost=high_benefit:                                [     0 -  0%] 
 two_cost=vvlow_benefit:~~~~~~~~~~~~~~~~~~~~~~~~        [   239 - 12%] 
 five_cost=vhigh_benefit:                                [     0 -  0%] 
 one_cost=vvlow_benefit:~~~~~~~~~~~~~~~~~~~~~~~~~~~~~~  [   289 - 14%] 
 five_cost=vvhigh_benefit:                                [     0 -  0%] 
 four_cost=vlow_benefit:                                [     1 -  0%] 
 four_cost=low_benefit:                                [     3 -  0%] 
 three_cost=vlow_benefit:~~~~~~~~~~~~~~~~                [   163 -  8%] 
 four_cost=high_benefit:                                [     7 -  0%] 
 two_cost=vlow_benefit:~~~~~~~~~~~~~~~~~~~~~~~~        [   233 - 11%] 
 four_cost=vhigh_benefit:                                [     7 -  0%] 
 four_cost=vvhigh_benefit:                                [     8 -  0%] 
 three_cost=low_benefit:~~~~~~~~~~~~~~~~~~~~~           [   205 - 10%] 
 three_cost=high_benefit:~~~~~~~~~~~~~~~~~~~             [   184 -  9%] 
 two_cost=low_benefit:~~~~~~~~~~~~~~~                 [   152 -  7%] 
 three_cost=vhigh_benefit:~~~~~~~~~~~~~~~~~~              [   177 -  9%] 
 three_cost=vvhigh_benefit:~~~~~~~~~~~~~~~~                [   162 -  8%] 
 two_cost=high_benefit:~~~~~~~                         [    68 -  3%] 
 two_cost=vhigh_benefit:~~~~                            [    42 -  2%] 
 two_cost=vvhigh_benefit:~                               [    11 -  1%] 


---- 10/31/02 08:17:51 ---
  Setup: 0 sec
Compute: 0 sec
  Apply: 1 sec
  Total: 1 sec
--------------------------------------
