-------------------------------------------------------------------
                Welcome to TARZAN (Version 2.2)
        Copyright (c) 2001 Tim Menzies (tim@menzies.com)
              Copy policy: GPL-2 (see www.gnu.org)

...while on high, our hero watches for the right chance to strike!
-------------------------------------------------------------------

NOW: specified
CHANGES: specified
default: SCORE for Classes not specified

Read 10000 cases (48 attributes) from arch_patterns.data

 Worth=1.000000
 Granularity=3 Promising=-10000000.000000 Useful=1.000000 nChanges=1
 Treatment:[No Treatment]

 benefit_vvhigh=cost_vvlow:~~~~~~~~~~~~~~~~~~~~~~~~~~      [   287 -  3%] 
 benefit_vvhigh=cost_vlow:~~~~~~~~~~~~~~~~~~~~~~~~~~~     [   291 -  3%] 
 benefit_vhigh=cost_vvlow:~~~~~~~~~~~~~~~~~~~~~~~~        [   263 -  3%] 
 benefit_vhigh=cost_vlow:~~~~~~~~~~~~~~~~~~~~~~~~~~~     [   290 -  3%] 
 benefit_vvhigh=cost_low:~~~~~~~~~~~~~~~~~~~~~~~~~~~     [   293 -  3%] 
 benefit_high=cost_vvlow:~~~~~~~~~~~~~~~~~~~~~~~~~~      [   279 -  3%] 
 benefit_vhigh=cost_low:~~~~~~~~~~~~~~~~~~~~~~~~~       [   272 -  3%] 
 benefit_high=cost_vlow:~~~~~~~~~~~~~~~~~~~~~~~~~~~     [   290 -  3%] 
 benefit_high=cost_low:~~~~~~~~~~~~~~~~~~~~~~~~        [   263 -  3%] 
 benefit_vvhigh=cost_high:~~~~~~~~~~~~~~~~~~~~~~~~~       [   276 -  3%] 
 benefit_low=cost_vvlow:~~~~~~~~~~~~~~~~~~~~~~~~~~~     [   294 -  3%] 
 benefit_vhigh=cost_high:~~~~~~~~~~~~~~~~~~~~~~          [   244 -  2%] 
 benefit_low=cost_vlow:~~~~~~~~~~~~~~~~~~~~~~~~~       [   272 -  3%] 
 benefit_high=cost_high:~~~~~~~~~~~~~~~~~~~~~~~~~~      [   281 -  3%] 
 benefit_low=cost_low:~~~~~~~~~~~~~~~~~~~~~~~~~~~~    [   308 -  3%] 
 benefit_low=cost_high:~~~~~~~~~~~~~~~~~~~~~~~~~~~     [   298 -  3%] 
 benefit_vvhigh=cost_vhigh:~~~~~~~~~~~~~~~~~~~~~~~         [   247 -  2%] 
 benefit_vlow=cost_vvlow:~~~~~~~~~~~~~~~~~~~~~~~~~~~~    [   301 -  3%] 
 benefit_vhigh=cost_vhigh:~~~~~~~~~~~~~~~~~~~~~~~~~~~~~~  [   320 -  3%] 
 benefit_vlow=cost_vlow:~~~~~~~~~~~~~~~~~~~~~~~~~       [   267 -  3%] 
 benefit_high=cost_vhigh:~~~~~~~~~~~~~~~~~~~~~~~~        [   256 -  3%] 
 benefit_vlow=cost_low:~~~~~~~~~~~~~~~~~~~~~~~         [   246 -  2%] 
 benefit_low=cost_vhigh:~~~~~~~~~~~~~~~~~~~~~~~~        [   259 -  3%] 
 benefit_vlow=cost_high:~~~~~~~~~~~~~~~~~~~~~~~~~~      [   282 -  3%] 
 benefit_vlow=cost_vhigh:~~~~~~~~~~~~~~~~~~~~~~~~~       [   276 -  3%] 
 benefit_vvhigh=cost_vvhigh:~~~~~~~~~~~~~~~~~~~~~~~~~       [   275 -  3%] 
 benefit_vvlow=cost_vvlow:~~~~~~~~~~~~~~~~~~~~~~          [   243 -  2%] 
 benefit_vhigh=cost_vvhigh:~~~~~~~~~~~~~~~~~~~~~~~~~       [   277 -  3%] 
 benefit_vvlow=cost_vlow:~~~~~~~~~~~~~~~~~~~~~~~~        [   256 -  3%] 
 benefit_high=cost_vvhigh:~~~~~~~~~~~~~~~~~~~~~~~~~~~     [   297 -  3%] 
 benefit_vvlow=cost_low:~~~~~~~~~~~~~~~~~~~~~~~~~~      [   284 -  3%] 
 benefit_low=cost_vvhigh:~~~~~~~~~~~~~~~~~~~~~~          [   235 -  2%] 
 benefit_vvlow=cost_high:~~~~~~~~~~~~~~~~~~~~~~~~~~      [   285 -  3%] 
 benefit_vlow=cost_vvhigh:~~~~~~~~~~~~~~~~~~~~~~~~~~~     [   294 -  3%] 
 benefit_vvlow=cost_vhigh:~~~~~~~~~~~~~~~~~~~~~~~~~~~~    [   308 -  3%] 
 benefit_vvlow=cost_vvhigh:~~~~~~~~~~~~~~~~~~~~~~~~~~~     [   291 -  3%] 

	Confidence1 Distribution:

 -978744:~~~~~~~~~~~~~~~~~~~~~~~~~~~~~~  [     6 - 50%] 
   0:~~~~~~~~~~~~~~~~~~~~~~~~~~~~~~  [     6 - 50%] 

 No treatment found!

---- 01/14/03 12:43:14 ---
  Setup: 0 sec
Compute: 0 sec
  Apply: 0 sec
  Total: 0 sec
--------------------------------------
