-------------------------------------------------------------------
                Welcome to TARZAN (Version 2.2)
        Copyright (c) 2001 Tim Menzies (tim@menzies.com)
              Copy policy: GPL-2 (see www.gnu.org)

...while on high, our hero watches for the right chance to strike!
-------------------------------------------------------------------

Read 10000 cases (144 attributes) from cara_analysis.data

 Worth=1.000000
 Granularity=3 Promising=-10000000.000000 Useful=1.000000 nChanges=1
 Treatment:[No Treatment]

 benefit_vlow=cost_vhigh:                                [     1 -  0%] 
 benefit_vlow=cost_high:                                [     1 -  0%] 
 benefit_low=cost_vhigh:~~~~~~~~                        [   549 -  5%] 
 benefit_vlow=cost_low:~~~~~~~                         [   497 -  5%] 
 benefit_high=cost_vhigh:~~~~~~~~~~~~~                   [   916 -  9%] 
 benefit_vlow=cost_vlow:~~~~~~~~~~~~~~~~~~~~~~~~~~~~~~  [  2002 - 20%] 
 benefi_vhigh=cost_vhigh:~~~~~~~~~~~~~~~                 [  1033 - 10%] 
 benefit_low=cost_high:~~~~~~~                         [   496 -  5%] 
 benefit_low=cost_low:~~~~~~~~~~~~~~                  [   966 - 10%] 
 benefit_high=cost_high:~~~~~~~~~~~~~~                  [   948 -  9%] 
 benefit_low=cost_vlow:~~~~~~~                         [   489 -  5%] 
 benefi_vhigh=cost_high:~~~~~~~~~~~~~~~                 [  1055 - 11%] 
 benefit_high=cost_low:~~~~~~~~~                       [   627 -  6%] 
 benefit_high=cost_vlow:                                [     9 -  0%] 
 benefi_vhigh=cost_low:~~~~~~                          [   410 -  4%] 
 benefi_vhigh=cost_vlow:                                [     1 -  0%] 

	Confidence1 Distribution:

 -64744:~~~~~~~~~~~~~~~~~~~~~~~~~~~~~~  [    17 - 27%] 
 -63465:~~~~~~~~~~~~~~~~~~~~~~~~~~      [    15 - 23%] 
 -61880:~~~~~~~~~~~~~~~~~~~~~~~~~~~~~~  [    17 - 27%] 
 -60998:~~~~~~~~~~~~~~~~~~~~~~~~~~      [    15 - 23%] 

Treatments learned on cara_analysis.data:
worth=1.405876	[cav01 of cal=y] 
worth=1.405876	[cav02 of cal=y] 
worth=1.405876	[cav03 of cal=y] 
worth=1.405876	[cav04 of cal=y] 
worth=1.405876	[cav05 of cal=y] 
worth=1.405876	[cav06 of cal=y] 
worth=1.405876	[dav01 of dal=y] 
worth=1.405876	[dav02 of dal=y] 
worth=1.405876	[dav03 of dal=y] 
worth=1.405876	[dav04 of dal=y] 
worth=1.405876	[dav05 of dal=y] 
worth=1.405876	[dav06 of dal=y] 
worth=1.405876	[dav07 of dal=y] 
worth=1.405876	[dav08 of dal=y] 
worth=1.405876	[dav09 of dal=y] 
worth=1.405876	[tav08 of tal=y] 
worth=1.405876	[tav09 of tal=y] 
worth=1.600270	[cav08 of cal=n] 
worth=1.600270	[cav09 of cal=n] 
worth=1.600270	[cav10 of cal=n] 
worth=1.600270	[dav10 of dal=n] 
worth=1.600270	[dav11 of dal=n] 
worth=1.600270	[dav12 of dal=n] 
worth=1.600270	[dav13 of dal=n] 
worth=1.600270	[rav10 of ral=n] 
worth=1.600270	[rav11 of ral=n] 
worth=1.600270	[rav12 of ral=n] 
worth=1.600270	[rav13 of ral=n] 
worth=1.600270	[cav11 of cal=n] 
worth=1.600270	[cav07 of cal=n] 
worth=1.600270	[tav10 of tal=n] 

 Worth=1.405876
 Granularity=3 Promising=-10000000.000000 Useful=1.000000 nChanges=1
 Treatment:[
	cav01 of cal=y]

 benefit_vlow=cost_vhigh:                                [     1 -  0%] 
 benefit_vlow=cost_high:                                [     1 -  0%] 
 benefit_low=cost_vhigh:~~~~~~~~~~~~~~~                 [   549 -  8%] 
 benefit_vlow=cost_low:                                [     2 -  0%] 
 benefit_high=cost_vhigh:~~~~~~~~~~~~~~~~~~~~~~~~~~      [   916 - 14%] 
 benefit_vlow=cost_vlow:                                [     1 -  0%] 
 benefi_vhigh=cost_vhigh:~~~~~~~~~~~~~~~~~~~~~~~~~~~~~   [  1033 - 16%] 
 benefit_low=cost_high:~~~~~~~~~~~~~~                  [   496 -  7%] 
 benefit_low=cost_low:~~~~~~~~~~~~~~~~                [   590 -  9%] 
 benefit_high=cost_high:~~~~~~~~~~~~~~~~~~~~~~~~~~      [   948 - 14%] 
 benefit_low=cost_vlow:                                [    26 -  0%] 
 benefi_vhigh=cost_high:~~~~~~~~~~~~~~~~~~~~~~~~~~~~~~  [  1055 - 16%] 
 benefit_high=cost_low:~~~~~~~~~~~~~~~~~               [   612 -  9%] 
 benefit_high=cost_vlow:                                [     0 -  0%] 
 benefi_vhigh=cost_low:~~~~~~~~~~~                     [   406 -  6%] 
 benefi_vhigh=cost_vlow:                                [     0 -  0%] 

 Worth=1.405876
 Granularity=3 Promising=-10000000.000000 Useful=1.000000 nChanges=1
 Treatment:[
	cav02 of cal=y]

 benefit_vlow=cost_vhigh:                                [     1 -  0%] 
 benefit_vlow=cost_high:                                [     1 -  0%] 
 benefit_low=cost_vhigh:~~~~~~~~~~~~~~~                 [   549 -  8%] 
 benefit_vlow=cost_low:                                [     2 -  0%] 
 benefit_high=cost_vhigh:~~~~~~~~~~~~~~~~~~~~~~~~~~      [   916 - 14%] 
 benefit_vlow=cost_vlow:                                [     1 -  0%] 
 benefi_vhigh=cost_vhigh:~~~~~~~~~~~~~~~~~~~~~~~~~~~~~   [  1033 - 16%] 
 benefit_low=cost_high:~~~~~~~~~~~~~~                  [   496 -  7%] 
 benefit_low=cost_low:~~~~~~~~~~~~~~~~                [   590 -  9%] 
 benefit_high=cost_high:~~~~~~~~~~~~~~~~~~~~~~~~~~      [   948 - 14%] 
 benefit_low=cost_vlow:                                [    26 -  0%] 
 benefi_vhigh=cost_high:~~~~~~~~~~~~~~~~~~~~~~~~~~~~~~  [  1055 - 16%] 
 benefit_high=cost_low:~~~~~~~~~~~~~~~~~               [   612 -  9%] 
 benefit_high=cost_vlow:                                [     0 -  0%] 
 benefi_vhigh=cost_low:~~~~~~~~~~~                     [   406 -  6%] 
 benefi_vhigh=cost_vlow:                                [     0 -  0%] 

 Worth=1.405876
 Granularity=3 Promising=-10000000.000000 Useful=1.000000 nChanges=1
 Treatment:[
	cav03 of cal=y]

 benefit_vlow=cost_vhigh:                                [     1 -  0%] 
 benefit_vlow=cost_high:                                [     1 -  0%] 
 benefit_low=cost_vhigh:~~~~~~~~~~~~~~~                 [   549 -  8%] 
 benefit_vlow=cost_low:                                [     2 -  0%] 
 benefit_high=cost_vhigh:~~~~~~~~~~~~~~~~~~~~~~~~~~      [   916 - 14%] 
 benefit_vlow=cost_vlow:                                [     1 -  0%] 
 benefi_vhigh=cost_vhigh:~~~~~~~~~~~~~~~~~~~~~~~~~~~~~   [  1033 - 16%] 
 benefit_low=cost_high:~~~~~~~~~~~~~~                  [   496 -  7%] 
 benefit_low=cost_low:~~~~~~~~~~~~~~~~                [   590 -  9%] 
 benefit_high=cost_high:~~~~~~~~~~~~~~~~~~~~~~~~~~      [   948 - 14%] 
 benefit_low=cost_vlow:                                [    26 -  0%] 
 benefi_vhigh=cost_high:~~~~~~~~~~~~~~~~~~~~~~~~~~~~~~  [  1055 - 16%] 
 benefit_high=cost_low:~~~~~~~~~~~~~~~~~               [   612 -  9%] 
 benefit_high=cost_vlow:                                [     0 -  0%] 
 benefi_vhigh=cost_low:~~~~~~~~~~~                     [   406 -  6%] 
 benefi_vhigh=cost_vlow:                                [     0 -  0%] 

 Worth=1.405876
 Granularity=3 Promising=-10000000.000000 Useful=1.000000 nChanges=1
 Treatment:[
	cav04 of cal=y]

 benefit_vlow=cost_vhigh:                                [     1 -  0%] 
 benefit_vlow=cost_high:                                [     1 -  0%] 
 benefit_low=cost_vhigh:~~~~~~~~~~~~~~~                 [   549 -  8%] 
 benefit_vlow=cost_low:                                [     2 -  0%] 
 benefit_high=cost_vhigh:~~~~~~~~~~~~~~~~~~~~~~~~~~      [   916 - 14%] 
 benefit_vlow=cost_vlow:                                [     1 -  0%] 
 benefi_vhigh=cost_vhigh:~~~~~~~~~~~~~~~~~~~~~~~~~~~~~   [  1033 - 16%] 
 benefit_low=cost_high:~~~~~~~~~~~~~~                  [   496 -  7%] 
 benefit_low=cost_low:~~~~~~~~~~~~~~~~                [   590 -  9%] 
 benefit_high=cost_high:~~~~~~~~~~~~~~~~~~~~~~~~~~      [   948 - 14%] 
 benefit_low=cost_vlow:                                [    26 -  0%] 
 benefi_vhigh=cost_high:~~~~~~~~~~~~~~~~~~~~~~~~~~~~~~  [  1055 - 16%] 
 benefit_high=cost_low:~~~~~~~~~~~~~~~~~               [   612 -  9%] 
 benefit_high=cost_vlow:                                [     0 -  0%] 
 benefi_vhigh=cost_low:~~~~~~~~~~~                     [   406 -  6%] 
 benefi_vhigh=cost_vlow:                                [     0 -  0%] 

 Worth=1.405876
 Granularity=3 Promising=-10000000.000000 Useful=1.000000 nChanges=1
 Treatment:[
	cav05 of cal=y]

 benefit_vlow=cost_vhigh:                                [     1 -  0%] 
 benefit_vlow=cost_high:                                [     1 -  0%] 
 benefit_low=cost_vhigh:~~~~~~~~~~~~~~~                 [   549 -  8%] 
 benefit_vlow=cost_low:                                [     2 -  0%] 
 benefit_high=cost_vhigh:~~~~~~~~~~~~~~~~~~~~~~~~~~      [   916 - 14%] 
 benefit_vlow=cost_vlow:                                [     1 -  0%] 
 benefi_vhigh=cost_vhigh:~~~~~~~~~~~~~~~~~~~~~~~~~~~~~   [  1033 - 16%] 
 benefit_low=cost_high:~~~~~~~~~~~~~~                  [   496 -  7%] 
 benefit_low=cost_low:~~~~~~~~~~~~~~~~                [   590 -  9%] 
 benefit_high=cost_high:~~~~~~~~~~~~~~~~~~~~~~~~~~      [   948 - 14%] 
 benefit_low=cost_vlow:                                [    26 -  0%] 
 benefi_vhigh=cost_high:~~~~~~~~~~~~~~~~~~~~~~~~~~~~~~  [  1055 - 16%] 
 benefit_high=cost_low:~~~~~~~~~~~~~~~~~               [   612 -  9%] 
 benefit_high=cost_vlow:                                [     0 -  0%] 
 benefi_vhigh=cost_low:~~~~~~~~~~~                     [   406 -  6%] 
 benefi_vhigh=cost_vlow:                                [     0 -  0%] 

 Worth=1.405876
 Granularity=3 Promising=-10000000.000000 Useful=1.000000 nChanges=1
 Treatment:[
	cav06 of cal=y]

 benefit_vlow=cost_vhigh:                                [     1 -  0%] 
 benefit_vlow=cost_high:                                [     1 -  0%] 
 benefit_low=cost_vhigh:~~~~~~~~~~~~~~~                 [   549 -  8%] 
 benefit_vlow=cost_low:                                [     2 -  0%] 
 benefit_high=cost_vhigh:~~~~~~~~~~~~~~~~~~~~~~~~~~      [   916 - 14%] 
 benefit_vlow=cost_vlow:                                [     1 -  0%] 
 benefi_vhigh=cost_vhigh:~~~~~~~~~~~~~~~~~~~~~~~~~~~~~   [  1033 - 16%] 
 benefit_low=cost_high:~~~~~~~~~~~~~~                  [   496 -  7%] 
 benefit_low=cost_low:~~~~~~~~~~~~~~~~                [   590 -  9%] 
 benefit_high=cost_high:~~~~~~~~~~~~~~~~~~~~~~~~~~      [   948 - 14%] 
 benefit_low=cost_vlow:                                [    26 -  0%] 
 benefi_vhigh=cost_high:~~~~~~~~~~~~~~~~~~~~~~~~~~~~~~  [  1055 - 16%] 
 benefit_high=cost_low:~~~~~~~~~~~~~~~~~               [   612 -  9%] 
 benefit_high=cost_vlow:                                [     0 -  0%] 
 benefi_vhigh=cost_low:~~~~~~~~~~~                     [   406 -  6%] 
 benefi_vhigh=cost_vlow:                                [     0 -  0%] 

 Worth=1.405876
 Granularity=3 Promising=-10000000.000000 Useful=1.000000 nChanges=1
 Treatment:[
	dav01 of dal=y]

 benefit_vlow=cost_vhigh:                                [     1 -  0%] 
 benefit_vlow=cost_high:                                [     1 -  0%] 
 benefit_low=cost_vhigh:~~~~~~~~~~~~~~~                 [   549 -  8%] 
 benefit_vlow=cost_low:                                [     2 -  0%] 
 benefit_high=cost_vhigh:~~~~~~~~~~~~~~~~~~~~~~~~~~      [   916 - 14%] 
 benefit_vlow=cost_vlow:                                [     1 -  0%] 
 benefi_vhigh=cost_vhigh:~~~~~~~~~~~~~~~~~~~~~~~~~~~~~   [  1033 - 16%] 
 benefit_low=cost_high:~~~~~~~~~~~~~~                  [   496 -  7%] 
 benefit_low=cost_low:~~~~~~~~~~~~~~~~                [   590 -  9%] 
 benefit_high=cost_high:~~~~~~~~~~~~~~~~~~~~~~~~~~      [   948 - 14%] 
 benefit_low=cost_vlow:                                [    26 -  0%] 
 benefi_vhigh=cost_high:~~~~~~~~~~~~~~~~~~~~~~~~~~~~~~  [  1055 - 16%] 
 benefit_high=cost_low:~~~~~~~~~~~~~~~~~               [   612 -  9%] 
 benefit_high=cost_vlow:                                [     0 -  0%] 
 benefi_vhigh=cost_low:~~~~~~~~~~~                     [   406 -  6%] 
 benefi_vhigh=cost_vlow:                                [     0 -  0%] 

 Worth=1.405876
 Granularity=3 Promising=-10000000.000000 Useful=1.000000 nChanges=1
 Treatment:[
	dav02 of dal=y]

 benefit_vlow=cost_vhigh:                                [     1 -  0%] 
 benefit_vlow=cost_high:                                [     1 -  0%] 
 benefit_low=cost_vhigh:~~~~~~~~~~~~~~~                 [   549 -  8%] 
 benefit_vlow=cost_low:                                [     2 -  0%] 
 benefit_high=cost_vhigh:~~~~~~~~~~~~~~~~~~~~~~~~~~      [   916 - 14%] 
 benefit_vlow=cost_vlow:                                [     1 -  0%] 
 benefi_vhigh=cost_vhigh:~~~~~~~~~~~~~~~~~~~~~~~~~~~~~   [  1033 - 16%] 
 benefit_low=cost_high:~~~~~~~~~~~~~~                  [   496 -  7%] 
 benefit_low=cost_low:~~~~~~~~~~~~~~~~                [   590 -  9%] 
 benefit_high=cost_high:~~~~~~~~~~~~~~~~~~~~~~~~~~      [   948 - 14%] 
 benefit_low=cost_vlow:                                [    26 -  0%] 
 benefi_vhigh=cost_high:~~~~~~~~~~~~~~~~~~~~~~~~~~~~~~  [  1055 - 16%] 
 benefit_high=cost_low:~~~~~~~~~~~~~~~~~               [   612 -  9%] 
 benefit_high=cost_vlow:                                [     0 -  0%] 
 benefi_vhigh=cost_low:~~~~~~~~~~~                     [   406 -  6%] 
 benefi_vhigh=cost_vlow:                                [     0 -  0%] 

 Worth=1.405876
 Granularity=3 Promising=-10000000.000000 Useful=1.000000 nChanges=1
 Treatment:[
	dav03 of dal=y]

 benefit_vlow=cost_vhigh:                                [     1 -  0%] 
 benefit_vlow=cost_high:                                [     1 -  0%] 
 benefit_low=cost_vhigh:~~~~~~~~~~~~~~~                 [   549 -  8%] 
 benefit_vlow=cost_low:                                [     2 -  0%] 
 benefit_high=cost_vhigh:~~~~~~~~~~~~~~~~~~~~~~~~~~      [   916 - 14%] 
 benefit_vlow=cost_vlow:                                [     1 -  0%] 
 benefi_vhigh=cost_vhigh:~~~~~~~~~~~~~~~~~~~~~~~~~~~~~   [  1033 - 16%] 
 benefit_low=cost_high:~~~~~~~~~~~~~~                  [   496 -  7%] 
 benefit_low=cost_low:~~~~~~~~~~~~~~~~                [   590 -  9%] 
 benefit_high=cost_high:~~~~~~~~~~~~~~~~~~~~~~~~~~      [   948 - 14%] 
 benefit_low=cost_vlow:                                [    26 -  0%] 
 benefi_vhigh=cost_high:~~~~~~~~~~~~~~~~~~~~~~~~~~~~~~  [  1055 - 16%] 
 benefit_high=cost_low:~~~~~~~~~~~~~~~~~               [   612 -  9%] 
 benefit_high=cost_vlow:                                [     0 -  0%] 
 benefi_vhigh=cost_low:~~~~~~~~~~~                     [   406 -  6%] 
 benefi_vhigh=cost_vlow:                                [     0 -  0%] 

 Worth=1.405876
 Granularity=3 Promising=-10000000.000000 Useful=1.000000 nChanges=1
 Treatment:[
	dav04 of dal=y]

 benefit_vlow=cost_vhigh:                                [     1 -  0%] 
 benefit_vlow=cost_high:                                [     1 -  0%] 
 benefit_low=cost_vhigh:~~~~~~~~~~~~~~~                 [   549 -  8%] 
 benefit_vlow=cost_low:                                [     2 -  0%] 
 benefit_high=cost_vhigh:~~~~~~~~~~~~~~~~~~~~~~~~~~      [   916 - 14%] 
 benefit_vlow=cost_vlow:                                [     1 -  0%] 
 benefi_vhigh=cost_vhigh:~~~~~~~~~~~~~~~~~~~~~~~~~~~~~   [  1033 - 16%] 
 benefit_low=cost_high:~~~~~~~~~~~~~~                  [   496 -  7%] 
 benefit_low=cost_low:~~~~~~~~~~~~~~~~                [   590 -  9%] 
 benefit_high=cost_high:~~~~~~~~~~~~~~~~~~~~~~~~~~      [   948 - 14%] 
 benefit_low=cost_vlow:                                [    26 -  0%] 
 benefi_vhigh=cost_high:~~~~~~~~~~~~~~~~~~~~~~~~~~~~~~  [  1055 - 16%] 
 benefit_high=cost_low:~~~~~~~~~~~~~~~~~               [   612 -  9%] 
 benefit_high=cost_vlow:                                [     0 -  0%] 
 benefi_vhigh=cost_low:~~~~~~~~~~~                     [   406 -  6%] 
 benefi_vhigh=cost_vlow:                                [     0 -  0%] 

 Worth=1.405876
 Granularity=3 Promising=-10000000.000000 Useful=1.000000 nChanges=1
 Treatment:[
	dav05 of dal=y]

 benefit_vlow=cost_vhigh:                                [     1 -  0%] 
 benefit_vlow=cost_high:                                [     1 -  0%] 
 benefit_low=cost_vhigh:~~~~~~~~~~~~~~~                 [   549 -  8%] 
 benefit_vlow=cost_low:                                [     2 -  0%] 
 benefit_high=cost_vhigh:~~~~~~~~~~~~~~~~~~~~~~~~~~      [   916 - 14%] 
 benefit_vlow=cost_vlow:                                [     1 -  0%] 
 benefi_vhigh=cost_vhigh:~~~~~~~~~~~~~~~~~~~~~~~~~~~~~   [  1033 - 16%] 
 benefit_low=cost_high:~~~~~~~~~~~~~~                  [   496 -  7%] 
 benefit_low=cost_low:~~~~~~~~~~~~~~~~                [   590 -  9%] 
 benefit_high=cost_high:~~~~~~~~~~~~~~~~~~~~~~~~~~      [   948 - 14%] 
 benefit_low=cost_vlow:                                [    26 -  0%] 
 benefi_vhigh=cost_high:~~~~~~~~~~~~~~~~~~~~~~~~~~~~~~  [  1055 - 16%] 
 benefit_high=cost_low:~~~~~~~~~~~~~~~~~               [   612 -  9%] 
 benefit_high=cost_vlow:                                [     0 -  0%] 
 benefi_vhigh=cost_low:~~~~~~~~~~~                     [   406 -  6%] 
 benefi_vhigh=cost_vlow:                                [     0 -  0%] 

 Worth=1.405876
 Granularity=3 Promising=-10000000.000000 Useful=1.000000 nChanges=1
 Treatment:[
	dav06 of dal=y]

 benefit_vlow=cost_vhigh:                                [     1 -  0%] 
 benefit_vlow=cost_high:                                [     1 -  0%] 
 benefit_low=cost_vhigh:~~~~~~~~~~~~~~~                 [   549 -  8%] 
 benefit_vlow=cost_low:                                [     2 -  0%] 
 benefit_high=cost_vhigh:~~~~~~~~~~~~~~~~~~~~~~~~~~      [   916 - 14%] 
 benefit_vlow=cost_vlow:                                [     1 -  0%] 
 benefi_vhigh=cost_vhigh:~~~~~~~~~~~~~~~~~~~~~~~~~~~~~   [  1033 - 16%] 
 benefit_low=cost_high:~~~~~~~~~~~~~~                  [   496 -  7%] 
 benefit_low=cost_low:~~~~~~~~~~~~~~~~                [   590 -  9%] 
 benefit_high=cost_high:~~~~~~~~~~~~~~~~~~~~~~~~~~      [   948 - 14%] 
 benefit_low=cost_vlow:                                [    26 -  0%] 
 benefi_vhigh=cost_high:~~~~~~~~~~~~~~~~~~~~~~~~~~~~~~  [  1055 - 16%] 
 benefit_high=cost_low:~~~~~~~~~~~~~~~~~               [   612 -  9%] 
 benefit_high=cost_vlow:                                [     0 -  0%] 
 benefi_vhigh=cost_low:~~~~~~~~~~~                     [   406 -  6%] 
 benefi_vhigh=cost_vlow:                                [     0 -  0%] 

 Worth=1.405876
 Granularity=3 Promising=-10000000.000000 Useful=1.000000 nChanges=1
 Treatment:[
	dav07 of dal=y]

 benefit_vlow=cost_vhigh:                                [     1 -  0%] 
 benefit_vlow=cost_high:                                [     1 -  0%] 
 benefit_low=cost_vhigh:~~~~~~~~~~~~~~~                 [   549 -  8%] 
 benefit_vlow=cost_low:                                [     2 -  0%] 
 benefit_high=cost_vhigh:~~~~~~~~~~~~~~~~~~~~~~~~~~      [   916 - 14%] 
 benefit_vlow=cost_vlow:                                [     1 -  0%] 
 benefi_vhigh=cost_vhigh:~~~~~~~~~~~~~~~~~~~~~~~~~~~~~   [  1033 - 16%] 
 benefit_low=cost_high:~~~~~~~~~~~~~~                  [   496 -  7%] 
 benefit_low=cost_low:~~~~~~~~~~~~~~~~                [   590 -  9%] 
 benefit_high=cost_high:~~~~~~~~~~~~~~~~~~~~~~~~~~      [   948 - 14%] 
 benefit_low=cost_vlow:                                [    26 -  0%] 
 benefi_vhigh=cost_high:~~~~~~~~~~~~~~~~~~~~~~~~~~~~~~  [  1055 - 16%] 
 benefit_high=cost_low:~~~~~~~~~~~~~~~~~               [   612 -  9%] 
 benefit_high=cost_vlow:                                [     0 -  0%] 
 benefi_vhigh=cost_low:~~~~~~~~~~~                     [   406 -  6%] 
 benefi_vhigh=cost_vlow:                                [     0 -  0%] 

 Worth=1.405876
 Granularity=3 Promising=-10000000.000000 Useful=1.000000 nChanges=1
 Treatment:[
	dav08 of dal=y]

 benefit_vlow=cost_vhigh:                                [     1 -  0%] 
 benefit_vlow=cost_high:                                [     1 -  0%] 
 benefit_low=cost_vhigh:~~~~~~~~~~~~~~~                 [   549 -  8%] 
 benefit_vlow=cost_low:                                [     2 -  0%] 
 benefit_high=cost_vhigh:~~~~~~~~~~~~~~~~~~~~~~~~~~      [   916 - 14%] 
 benefit_vlow=cost_vlow:                                [     1 -  0%] 
 benefi_vhigh=cost_vhigh:~~~~~~~~~~~~~~~~~~~~~~~~~~~~~   [  1033 - 16%] 
 benefit_low=cost_high:~~~~~~~~~~~~~~                  [   496 -  7%] 
 benefit_low=cost_low:~~~~~~~~~~~~~~~~                [   590 -  9%] 
 benefit_high=cost_high:~~~~~~~~~~~~~~~~~~~~~~~~~~      [   948 - 14%] 
 benefit_low=cost_vlow:                                [    26 -  0%] 
 benefi_vhigh=cost_high:~~~~~~~~~~~~~~~~~~~~~~~~~~~~~~  [  1055 - 16%] 
 benefit_high=cost_low:~~~~~~~~~~~~~~~~~               [   612 -  9%] 
 benefit_high=cost_vlow:                                [     0 -  0%] 
 benefi_vhigh=cost_low:~~~~~~~~~~~                     [   406 -  6%] 
 benefi_vhigh=cost_vlow:                                [     0 -  0%] 

 Worth=1.405876
 Granularity=3 Promising=-10000000.000000 Useful=1.000000 nChanges=1
 Treatment:[
	dav09 of dal=y]

 benefit_vlow=cost_vhigh:                                [     1 -  0%] 
 benefit_vlow=cost_high:                                [     1 -  0%] 
 benefit_low=cost_vhigh:~~~~~~~~~~~~~~~                 [   549 -  8%] 
 benefit_vlow=cost_low:                                [     2 -  0%] 
 benefit_high=cost_vhigh:~~~~~~~~~~~~~~~~~~~~~~~~~~      [   916 - 14%] 
 benefit_vlow=cost_vlow:                                [     1 -  0%] 
 benefi_vhigh=cost_vhigh:~~~~~~~~~~~~~~~~~~~~~~~~~~~~~   [  1033 - 16%] 
 benefit_low=cost_high:~~~~~~~~~~~~~~                  [   496 -  7%] 
 benefit_low=cost_low:~~~~~~~~~~~~~~~~                [   590 -  9%] 
 benefit_high=cost_high:~~~~~~~~~~~~~~~~~~~~~~~~~~      [   948 - 14%] 
 benefit_low=cost_vlow:                                [    26 -  0%] 
 benefi_vhigh=cost_high:~~~~~~~~~~~~~~~~~~~~~~~~~~~~~~  [  1055 - 16%] 
 benefit_high=cost_low:~~~~~~~~~~~~~~~~~               [   612 -  9%] 
 benefit_high=cost_vlow:                                [     0 -  0%] 
 benefi_vhigh=cost_low:~~~~~~~~~~~                     [   406 -  6%] 
 benefi_vhigh=cost_vlow:                                [     0 -  0%] 

 Worth=1.405876
 Granularity=3 Promising=-10000000.000000 Useful=1.000000 nChanges=1
 Treatment:[
	tav08 of tal=y]

 benefit_vlow=cost_vhigh:                                [     1 -  0%] 
 benefit_vlow=cost_high:                                [     1 -  0%] 
 benefit_low=cost_vhigh:~~~~~~~~~~~~~~~                 [   549 -  8%] 
 benefit_vlow=cost_low:                                [     2 -  0%] 
 benefit_high=cost_vhigh:~~~~~~~~~~~~~~~~~~~~~~~~~~      [   916 - 14%] 
 benefit_vlow=cost_vlow:                                [     1 -  0%] 
 benefi_vhigh=cost_vhigh:~~~~~~~~~~~~~~~~~~~~~~~~~~~~~   [  1033 - 16%] 
 benefit_low=cost_high:~~~~~~~~~~~~~~                  [   496 -  7%] 
 benefit_low=cost_low:~~~~~~~~~~~~~~~~                [   590 -  9%] 
 benefit_high=cost_high:~~~~~~~~~~~~~~~~~~~~~~~~~~      [   948 - 14%] 
 benefit_low=cost_vlow:                                [    26 -  0%] 
 benefi_vhigh=cost_high:~~~~~~~~~~~~~~~~~~~~~~~~~~~~~~  [  1055 - 16%] 
 benefit_high=cost_low:~~~~~~~~~~~~~~~~~               [   612 -  9%] 
 benefit_high=cost_vlow:                                [     0 -  0%] 
 benefi_vhigh=cost_low:~~~~~~~~~~~                     [   406 -  6%] 
 benefi_vhigh=cost_vlow:                                [     0 -  0%] 

 Worth=1.405876
 Granularity=3 Promising=-10000000.000000 Useful=1.000000 nChanges=1
 Treatment:[
	tav09 of tal=y]

 benefit_vlow=cost_vhigh:                                [     1 -  0%] 
 benefit_vlow=cost_high:                                [     1 -  0%] 
 benefit_low=cost_vhigh:~~~~~~~~~~~~~~~                 [   549 -  8%] 
 benefit_vlow=cost_low:                                [     2 -  0%] 
 benefit_high=cost_vhigh:~~~~~~~~~~~~~~~~~~~~~~~~~~      [   916 - 14%] 
 benefit_vlow=cost_vlow:                                [     1 -  0%] 
 benefi_vhigh=cost_vhigh:~~~~~~~~~~~~~~~~~~~~~~~~~~~~~   [  1033 - 16%] 
 benefit_low=cost_high:~~~~~~~~~~~~~~                  [   496 -  7%] 
 benefit_low=cost_low:~~~~~~~~~~~~~~~~                [   590 -  9%] 
 benefit_high=cost_high:~~~~~~~~~~~~~~~~~~~~~~~~~~      [   948 - 14%] 
 benefit_low=cost_vlow:                                [    26 -  0%] 
 benefi_vhigh=cost_high:~~~~~~~~~~~~~~~~~~~~~~~~~~~~~~  [  1055 - 16%] 
 benefit_high=cost_low:~~~~~~~~~~~~~~~~~               [   612 -  9%] 
 benefit_high=cost_vlow:                                [     0 -  0%] 
 benefi_vhigh=cost_low:~~~~~~~~~~~                     [   406 -  6%] 
 benefi_vhigh=cost_vlow:                                [     0 -  0%] 

 Worth=1.600270
 Granularity=3 Promising=-10000000.000000 Useful=1.000000 nChanges=1
 Treatment:[
	cav08 of cal=n]

 benefit_vlow=cost_vhigh:                                [     0 -  0%] 
 benefit_vlow=cost_high:                                [     0 -  0%] 
 benefit_low=cost_vhigh:                                [     0 -  0%] 
 benefit_vlow=cost_low:                                [     0 -  0%] 
 benefit_high=cost_vhigh:                                [     0 -  0%] 
 benefit_vlow=cost_vlow:~~~~~~~~~~~~~~~~~~~~~~~~~~~~~~  [  1437 - 59%] 
 benefi_vhigh=cost_vhigh:                                [     0 -  0%] 
 benefit_low=cost_high:                                [     0 -  0%] 
 benefit_low=cost_low:~~~~~~                          [   322 - 13%] 
 benefit_high=cost_high:                                [     0 -  0%] 
 benefit_low=cost_vlow:~                               [    92 -  4%] 
 benefi_vhigh=cost_high:                                [     0 -  0%] 
 benefit_high=cost_low:~~~~~~~~                        [   388 - 16%] 
 benefit_high=cost_vlow:                                [     9 -  0%] 
 benefi_vhigh=cost_low:~~~~                            [   193 -  8%] 
 benefi_vhigh=cost_vlow:                                [     1 -  0%] 

 Worth=1.600270
 Granularity=3 Promising=-10000000.000000 Useful=1.000000 nChanges=1
 Treatment:[
	cav09 of cal=n]

 benefit_vlow=cost_vhigh:                                [     0 -  0%] 
 benefit_vlow=cost_high:                                [     0 -  0%] 
 benefit_low=cost_vhigh:                                [     0 -  0%] 
 benefit_vlow=cost_low:                                [     0 -  0%] 
 benefit_high=cost_vhigh:                                [     0 -  0%] 
 benefit_vlow=cost_vlow:~~~~~~~~~~~~~~~~~~~~~~~~~~~~~~  [  1437 - 59%] 
 benefi_vhigh=cost_vhigh:                                [     0 -  0%] 
 benefit_low=cost_high:                                [     0 -  0%] 
 benefit_low=cost_low:~~~~~~                          [   322 - 13%] 
 benefit_high=cost_high:                                [     0 -  0%] 
 benefit_low=cost_vlow:~                               [    92 -  4%] 
 benefi_vhigh=cost_high:                                [     0 -  0%] 
 benefit_high=cost_low:~~~~~~~~                        [   388 - 16%] 
 benefit_high=cost_vlow:                                [     9 -  0%] 
 benefi_vhigh=cost_low:~~~~                            [   193 -  8%] 
 benefi_vhigh=cost_vlow:                                [     1 -  0%] 

 Worth=1.600270
 Granularity=3 Promising=-10000000.000000 Useful=1.000000 nChanges=1
 Treatment:[
	cav10 of cal=n]

 benefit_vlow=cost_vhigh:                                [     0 -  0%] 
 benefit_vlow=cost_high:                                [     0 -  0%] 
 benefit_low=cost_vhigh:                                [     0 -  0%] 
 benefit_vlow=cost_low:                                [     0 -  0%] 
 benefit_high=cost_vhigh:                                [     0 -  0%] 
 benefit_vlow=cost_vlow:~~~~~~~~~~~~~~~~~~~~~~~~~~~~~~  [  1437 - 59%] 
 benefi_vhigh=cost_vhigh:                                [     0 -  0%] 
 benefit_low=cost_high:                                [     0 -  0%] 
 benefit_low=cost_low:~~~~~~                          [   322 - 13%] 
 benefit_high=cost_high:                                [     0 -  0%] 
 benefit_low=cost_vlow:~                               [    92 -  4%] 
 benefi_vhigh=cost_high:                                [     0 -  0%] 
 benefit_high=cost_low:~~~~~~~~                        [   388 - 16%] 
 benefit_high=cost_vlow:                                [     9 -  0%] 
 benefi_vhigh=cost_low:~~~~                            [   193 -  8%] 
 benefi_vhigh=cost_vlow:                                [     1 -  0%] 

 Worth=1.600270
 Granularity=3 Promising=-10000000.000000 Useful=1.000000 nChanges=1
 Treatment:[
	dav10 of dal=n]

 benefit_vlow=cost_vhigh:                                [     0 -  0%] 
 benefit_vlow=cost_high:                                [     0 -  0%] 
 benefit_low=cost_vhigh:                                [     0 -  0%] 
 benefit_vlow=cost_low:                                [     0 -  0%] 
 benefit_high=cost_vhigh:                                [     0 -  0%] 
 benefit_vlow=cost_vlow:~~~~~~~~~~~~~~~~~~~~~~~~~~~~~~  [  1437 - 59%] 
 benefi_vhigh=cost_vhigh:                                [     0 -  0%] 
 benefit_low=cost_high:                                [     0 -  0%] 
 benefit_low=cost_low:~~~~~~                          [   322 - 13%] 
 benefit_high=cost_high:                                [     0 -  0%] 
 benefit_low=cost_vlow:~                               [    92 -  4%] 
 benefi_vhigh=cost_high:                                [     0 -  0%] 
 benefit_high=cost_low:~~~~~~~~                        [   388 - 16%] 
 benefit_high=cost_vlow:                                [     9 -  0%] 
 benefi_vhigh=cost_low:~~~~                            [   193 -  8%] 
 benefi_vhigh=cost_vlow:                                [     1 -  0%] 

 Worth=1.600270
 Granularity=3 Promising=-10000000.000000 Useful=1.000000 nChanges=1
 Treatment:[
	dav11 of dal=n]

 benefit_vlow=cost_vhigh:                                [     0 -  0%] 
 benefit_vlow=cost_high:                                [     0 -  0%] 
 benefit_low=cost_vhigh:                                [     0 -  0%] 
 benefit_vlow=cost_low:                                [     0 -  0%] 
 benefit_high=cost_vhigh:                                [     0 -  0%] 
 benefit_vlow=cost_vlow:~~~~~~~~~~~~~~~~~~~~~~~~~~~~~~  [  1437 - 59%] 
 benefi_vhigh=cost_vhigh:                                [     0 -  0%] 
 benefit_low=cost_high:                                [     0 -  0%] 
 benefit_low=cost_low:~~~~~~                          [   322 - 13%] 
 benefit_high=cost_high:                                [     0 -  0%] 
 benefit_low=cost_vlow:~                               [    92 -  4%] 
 benefi_vhigh=cost_high:                                [     0 -  0%] 
 benefit_high=cost_low:~~~~~~~~                        [   388 - 16%] 
 benefit_high=cost_vlow:                                [     9 -  0%] 
 benefi_vhigh=cost_low:~~~~                            [   193 -  8%] 
 benefi_vhigh=cost_vlow:                                [     1 -  0%] 

 Worth=1.600270
 Granularity=3 Promising=-10000000.000000 Useful=1.000000 nChanges=1
 Treatment:[
	dav12 of dal=n]

 benefit_vlow=cost_vhigh:                                [     0 -  0%] 
 benefit_vlow=cost_high:                                [     0 -  0%] 
 benefit_low=cost_vhigh:                                [     0 -  0%] 
 benefit_vlow=cost_low:                                [     0 -  0%] 
 benefit_high=cost_vhigh:                                [     0 -  0%] 
 benefit_vlow=cost_vlow:~~~~~~~~~~~~~~~~~~~~~~~~~~~~~~  [  1437 - 59%] 
 benefi_vhigh=cost_vhigh:                                [     0 -  0%] 
 benefit_low=cost_high:                                [     0 -  0%] 
 benefit_low=cost_low:~~~~~~                          [   322 - 13%] 
 benefit_high=cost_high:                                [     0 -  0%] 
 benefit_low=cost_vlow:~                               [    92 -  4%] 
 benefi_vhigh=cost_high:                                [     0 -  0%] 
 benefit_high=cost_low:~~~~~~~~                        [   388 - 16%] 
 benefit_high=cost_vlow:                                [     9 -  0%] 
 benefi_vhigh=cost_low:~~~~                            [   193 -  8%] 
 benefi_vhigh=cost_vlow:                                [     1 -  0%] 

 Worth=1.600270
 Granularity=3 Promising=-10000000.000000 Useful=1.000000 nChanges=1
 Treatment:[
	dav13 of dal=n]

 benefit_vlow=cost_vhigh:                                [     0 -  0%] 
 benefit_vlow=cost_high:                                [     0 -  0%] 
 benefit_low=cost_vhigh:                                [     0 -  0%] 
 benefit_vlow=cost_low:                                [     0 -  0%] 
 benefit_high=cost_vhigh:                                [     0 -  0%] 
 benefit_vlow=cost_vlow:~~~~~~~~~~~~~~~~~~~~~~~~~~~~~~  [  1437 - 59%] 
 benefi_vhigh=cost_vhigh:                                [     0 -  0%] 
 benefit_low=cost_high:                                [     0 -  0%] 
 benefit_low=cost_low:~~~~~~                          [   322 - 13%] 
 benefit_high=cost_high:                                [     0 -  0%] 
 benefit_low=cost_vlow:~                               [    92 -  4%] 
 benefi_vhigh=cost_high:                                [     0 -  0%] 
 benefit_high=cost_low:~~~~~~~~                        [   388 - 16%] 
 benefit_high=cost_vlow:                                [     9 -  0%] 
 benefi_vhigh=cost_low:~~~~                            [   193 -  8%] 
 benefi_vhigh=cost_vlow:                                [     1 -  0%] 

 Worth=1.600270
 Granularity=3 Promising=-10000000.000000 Useful=1.000000 nChanges=1
 Treatment:[
	rav10 of ral=n]

 benefit_vlow=cost_vhigh:                                [     0 -  0%] 
 benefit_vlow=cost_high:                                [     0 -  0%] 
 benefit_low=cost_vhigh:                                [     0 -  0%] 
 benefit_vlow=cost_low:                                [     0 -  0%] 
 benefit_high=cost_vhigh:                                [     0 -  0%] 
 benefit_vlow=cost_vlow:~~~~~~~~~~~~~~~~~~~~~~~~~~~~~~  [  1437 - 59%] 
 benefi_vhigh=cost_vhigh:                                [     0 -  0%] 
 benefit_low=cost_high:                                [     0 -  0%] 
 benefit_low=cost_low:~~~~~~                          [   322 - 13%] 
 benefit_high=cost_high:                                [     0 -  0%] 
 benefit_low=cost_vlow:~                               [    92 -  4%] 
 benefi_vhigh=cost_high:                                [     0 -  0%] 
 benefit_high=cost_low:~~~~~~~~                        [   388 - 16%] 
 benefit_high=cost_vlow:                                [     9 -  0%] 
 benefi_vhigh=cost_low:~~~~                            [   193 -  8%] 
 benefi_vhigh=cost_vlow:                                [     1 -  0%] 

 Worth=1.600270
 Granularity=3 Promising=-10000000.000000 Useful=1.000000 nChanges=1
 Treatment:[
	rav11 of ral=n]

 benefit_vlow=cost_vhigh:                                [     0 -  0%] 
 benefit_vlow=cost_high:                                [     0 -  0%] 
 benefit_low=cost_vhigh:                                [     0 -  0%] 
 benefit_vlow=cost_low:                                [     0 -  0%] 
 benefit_high=cost_vhigh:                                [     0 -  0%] 
 benefit_vlow=cost_vlow:~~~~~~~~~~~~~~~~~~~~~~~~~~~~~~  [  1437 - 59%] 
 benefi_vhigh=cost_vhigh:                                [     0 -  0%] 
 benefit_low=cost_high:                                [     0 -  0%] 
 benefit_low=cost_low:~~~~~~                          [   322 - 13%] 
 benefit_high=cost_high:                                [     0 -  0%] 
 benefit_low=cost_vlow:~                               [    92 -  4%] 
 benefi_vhigh=cost_high:                                [     0 -  0%] 
 benefit_high=cost_low:~~~~~~~~                        [   388 - 16%] 
 benefit_high=cost_vlow:                                [     9 -  0%] 
 benefi_vhigh=cost_low:~~~~                            [   193 -  8%] 
 benefi_vhigh=cost_vlow:                                [     1 -  0%] 

 Worth=1.600270
 Granularity=3 Promising=-10000000.000000 Useful=1.000000 nChanges=1
 Treatment:[
	rav12 of ral=n]

 benefit_vlow=cost_vhigh:                                [     0 -  0%] 
 benefit_vlow=cost_high:                                [     0 -  0%] 
 benefit_low=cost_vhigh:                                [     0 -  0%] 
 benefit_vlow=cost_low:                                [     0 -  0%] 
 benefit_high=cost_vhigh:                                [     0 -  0%] 
 benefit_vlow=cost_vlow:~~~~~~~~~~~~~~~~~~~~~~~~~~~~~~  [  1437 - 59%] 
 benefi_vhigh=cost_vhigh:                                [     0 -  0%] 
 benefit_low=cost_high:                                [     0 -  0%] 
 benefit_low=cost_low:~~~~~~                          [   322 - 13%] 
 benefit_high=cost_high:                                [     0 -  0%] 
 benefit_low=cost_vlow:~                               [    92 -  4%] 
 benefi_vhigh=cost_high:                                [     0 -  0%] 
 benefit_high=cost_low:~~~~~~~~                        [   388 - 16%] 
 benefit_high=cost_vlow:                                [     9 -  0%] 
 benefi_vhigh=cost_low:~~~~                            [   193 -  8%] 
 benefi_vhigh=cost_vlow:                                [     1 -  0%] 

 Worth=1.600270
 Granularity=3 Promising=-10000000.000000 Useful=1.000000 nChanges=1
 Treatment:[
	rav13 of ral=n]

 benefit_vlow=cost_vhigh:                                [     0 -  0%] 
 benefit_vlow=cost_high:                                [     0 -  0%] 
 benefit_low=cost_vhigh:                                [     0 -  0%] 
 benefit_vlow=cost_low:                                [     0 -  0%] 
 benefit_high=cost_vhigh:                                [     0 -  0%] 
 benefit_vlow=cost_vlow:~~~~~~~~~~~~~~~~~~~~~~~~~~~~~~  [  1437 - 59%] 
 benefi_vhigh=cost_vhigh:                                [     0 -  0%] 
 benefit_low=cost_high:                                [     0 -  0%] 
 benefit_low=cost_low:~~~~~~                          [   322 - 13%] 
 benefit_high=cost_high:                                [     0 -  0%] 
 benefit_low=cost_vlow:~                               [    92 -  4%] 
 benefi_vhigh=cost_high:                                [     0 -  0%] 
 benefit_high=cost_low:~~~~~~~~                        [   388 - 16%] 
 benefit_high=cost_vlow:                                [     9 -  0%] 
 benefi_vhigh=cost_low:~~~~                            [   193 -  8%] 
 benefi_vhigh=cost_vlow:                                [     1 -  0%] 

 Worth=1.600270
 Granularity=3 Promising=-10000000.000000 Useful=1.000000 nChanges=1
 Treatment:[
	cav11 of cal=n]

 benefit_vlow=cost_vhigh:                                [     0 -  0%] 
 benefit_vlow=cost_high:                                [     0 -  0%] 
 benefit_low=cost_vhigh:                                [     0 -  0%] 
 benefit_vlow=cost_low:                                [     0 -  0%] 
 benefit_high=cost_vhigh:                                [     0 -  0%] 
 benefit_vlow=cost_vlow:~~~~~~~~~~~~~~~~~~~~~~~~~~~~~~  [  1437 - 59%] 
 benefi_vhigh=cost_vhigh:                                [     0 -  0%] 
 benefit_low=cost_high:                                [     0 -  0%] 
 benefit_low=cost_low:~~~~~~                          [   322 - 13%] 
 benefit_high=cost_high:                                [     0 -  0%] 
 benefit_low=cost_vlow:~                               [    92 -  4%] 
 benefi_vhigh=cost_high:                                [     0 -  0%] 
 benefit_high=cost_low:~~~~~~~~                        [   388 - 16%] 
 benefit_high=cost_vlow:                                [     9 -  0%] 
 benefi_vhigh=cost_low:~~~~                            [   193 -  8%] 
 benefi_vhigh=cost_vlow:                                [     1 -  0%] 

 Worth=1.600270
 Granularity=3 Promising=-10000000.000000 Useful=1.000000 nChanges=1
 Treatment:[
	cav07 of cal=n]

 benefit_vlow=cost_vhigh:                                [     0 -  0%] 
 benefit_vlow=cost_high:                                [     0 -  0%] 
 benefit_low=cost_vhigh:                                [     0 -  0%] 
 benefit_vlow=cost_low:                                [     0 -  0%] 
 benefit_high=cost_vhigh:                                [     0 -  0%] 
 benefit_vlow=cost_vlow:~~~~~~~~~~~~~~~~~~~~~~~~~~~~~~  [  1437 - 59%] 
 benefi_vhigh=cost_vhigh:                                [     0 -  0%] 
 benefit_low=cost_high:                                [     0 -  0%] 
 benefit_low=cost_low:~~~~~~                          [   322 - 13%] 
 benefit_high=cost_high:                                [     0 -  0%] 
 benefit_low=cost_vlow:~                               [    92 -  4%] 
 benefi_vhigh=cost_high:                                [     0 -  0%] 
 benefit_high=cost_low:~~~~~~~~                        [   388 - 16%] 
 benefit_high=cost_vlow:                                [     9 -  0%] 
 benefi_vhigh=cost_low:~~~~                            [   193 -  8%] 
 benefi_vhigh=cost_vlow:                                [     1 -  0%] 

 Worth=1.600270
 Granularity=3 Promising=-10000000.000000 Useful=1.000000 nChanges=1
 Treatment:[
	tav10 of tal=n]

 benefit_vlow=cost_vhigh:                                [     0 -  0%] 
 benefit_vlow=cost_high:                                [     0 -  0%] 
 benefit_low=cost_vhigh:                                [     0 -  0%] 
 benefit_vlow=cost_low:                                [     0 -  0%] 
 benefit_high=cost_vhigh:                                [     0 -  0%] 
 benefit_vlow=cost_vlow:~~~~~~~~~~~~~~~~~~~~~~~~~~~~~~  [  1437 - 59%] 
 benefi_vhigh=cost_vhigh:                                [     0 -  0%] 
 benefit_low=cost_high:                                [     0 -  0%] 
 benefit_low=cost_low:~~~~~~                          [   322 - 13%] 
 benefit_high=cost_high:                                [     0 -  0%] 
 benefit_low=cost_vlow:~                               [    92 -  4%] 
 benefi_vhigh=cost_high:                                [     0 -  0%] 
 benefit_high=cost_low:~~~~~~~~                        [   388 - 16%] 
 benefit_high=cost_vlow:                                [     9 -  0%] 
 benefi_vhigh=cost_low:~~~~                            [   193 -  8%] 
 benefi_vhigh=cost_vlow:                                [     1 -  0%] 


---- 08/11/02 13:41:02 ---
  Setup: 3 sec
Compute: 0 sec
  Apply: 0 sec
  Total: 3 sec
--------------------------------------
