-------------------------------------------------------------------
                Welcome to TARZAN (Version 2.2)
        Copyright (c) 2001 Tim Menzies (tim@menzies.com)
              Copy policy: GPL-2 (see www.gnu.org)

...while on high, our hero watches for the right chance to strike!
-------------------------------------------------------------------

Read 10000 cases (144 attributes) from cara_analysis.data

 Worth=1.000000
 Granularity=3 Promising=-10000000.000000 Useful=1.000000 nChanges=1
 Treatment:[No Treatment]

 benefi_vhigh=cost_vlow:                                [     1 -  0%] 
 benefi_vhigh=cost_low:~~~~~~                          [   410 -  4%] 
 benefit_high=cost_vlow:                                [     9 -  0%] 
 benefit_high=cost_low:~~~~~~~~~                       [   627 -  6%] 
 benefi_vhigh=cost_high:~~~~~~~~~~~~~~~                 [  1055 - 11%] 
 benefit_low=cost_vlow:~~~~~~~                         [   489 -  5%] 
 benefit_high=cost_high:~~~~~~~~~~~~~~                  [   948 -  9%] 
 benefit_low=cost_low:~~~~~~~~~~~~~~                  [   966 - 10%] 
 benefit_low=cost_high:~~~~~~~                         [   496 -  5%] 
 benefi_vhigh=cost_vhigh:~~~~~~~~~~~~~~~                 [  1033 - 10%] 
 benefit_vlow=cost_vlow:~~~~~~~~~~~~~~~~~~~~~~~~~~~~~~  [  2002 - 20%] 
 benefit_high=cost_vhigh:~~~~~~~~~~~~~                   [   916 -  9%] 
 benefit_vlow=cost_low:~~~~~~~                         [   497 -  5%] 
 benefit_low=cost_vhigh:~~~~~~~~                        [   549 -  5%] 
 benefit_vlow=cost_high:                                [     1 -  0%] 
 benefit_vlow=cost_vhigh:                                [     1 -  0%] 

	Confidence1 Distribution:

 -64291:~~~~~~~~~~~~~~~~~~~~~~~~~~      [    15 - 23%] 
 -63213:~~~~~~~~~~~~~~~~~~~~~~~~~~~~~~  [    17 - 27%] 
 -63074:~~~~~~~~~~~~~~~~~~~~~~~~~~~~~~  [    17 - 27%] 
 -62795:~~~~~~~~~~~~~~~~~~~~~~~~~~      [    15 - 23%] 

Treatments learned on cara_analysis.data:
worth=1.080695	[cav01 of cal=n] 
worth=1.080695	[cav02 of cal=n] 
worth=1.080695	[cav03 of cal=n] 
worth=1.080695	[cav04 of cal=n] 
worth=1.080695	[cav05 of cal=n] 
worth=1.080695	[cav06 of cal=n] 
worth=1.080695	[dav01 of dal=n] 
worth=1.080695	[dav02 of dal=n] 
worth=1.080695	[dav03 of dal=n] 
worth=1.080695	[dav04 of dal=n] 
worth=1.080695	[dav05 of dal=n] 
worth=1.080695	[dav06 of dal=n] 
worth=1.080695	[dav07 of dal=n] 
worth=1.080695	[dav08 of dal=n] 
worth=1.080695	[dav09 of dal=n] 
worth=1.080695	[tav08 of tal=n] 
worth=1.080695	[tav09 of tal=n] 
worth=1.149565	[cav08 of cal=y] 
worth=1.149565	[cav09 of cal=y] 
worth=1.149565	[cav10 of cal=y] 
worth=1.149565	[dav10 of dal=y] 
worth=1.149565	[dav11 of dal=y] 
worth=1.149565	[dav12 of dal=y] 
worth=1.149565	[dav13 of dal=y] 
worth=1.149565	[rav10 of ral=y] 
worth=1.149565	[rav11 of ral=y] 
worth=1.149565	[rav12 of ral=y] 
worth=1.149565	[rav13 of ral=y] 
worth=1.149565	[cav11 of cal=y] 
worth=1.149565	[cav07 of cal=y] 
worth=1.149565	[tav10 of tal=y] 

 Worth=1.080695
 Granularity=3 Promising=-10000000.000000 Useful=1.000000 nChanges=1
 Treatment:[
	cav01 of cal=n]

 benefi_vhigh=cost_vlow:                                [     1 -  0%] 
 benefi_vhigh=cost_low:                                [     4 -  0%] 
 benefit_high=cost_vlow:                                [     9 -  0%] 
 benefit_high=cost_low:                                [    15 -  0%] 
 benefi_vhigh=cost_high:                                [     0 -  0%] 
 benefit_low=cost_vlow:~~~~~~                          [   463 - 14%] 
 benefit_high=cost_high:                                [     0 -  0%] 
 benefit_low=cost_low:~~~~~                           [   376 - 11%] 
 benefit_low=cost_high:                                [     0 -  0%] 
 benefi_vhigh=cost_vhigh:                                [     0 -  0%] 
 benefit_vlow=cost_vlow:~~~~~~~~~~~~~~~~~~~~~~~~~~~~~~  [  2001 - 59%] 
 benefit_high=cost_vhigh:                                [     0 -  0%] 
 benefit_vlow=cost_low:~~~~~~~                         [   495 - 15%] 
 benefit_low=cost_vhigh:                                [     0 -  0%] 
 benefit_vlow=cost_high:                                [     0 -  0%] 
 benefit_vlow=cost_vhigh:                                [     0 -  0%] 

 Worth=1.080695
 Granularity=3 Promising=-10000000.000000 Useful=1.000000 nChanges=1
 Treatment:[
	cav02 of cal=n]

 benefi_vhigh=cost_vlow:                                [     1 -  0%] 
 benefi_vhigh=cost_low:                                [     4 -  0%] 
 benefit_high=cost_vlow:                                [     9 -  0%] 
 benefit_high=cost_low:                                [    15 -  0%] 
 benefi_vhigh=cost_high:                                [     0 -  0%] 
 benefit_low=cost_vlow:~~~~~~                          [   463 - 14%] 
 benefit_high=cost_high:                                [     0 -  0%] 
 benefit_low=cost_low:~~~~~                           [   376 - 11%] 
 benefit_low=cost_high:                                [     0 -  0%] 
 benefi_vhigh=cost_vhigh:                                [     0 -  0%] 
 benefit_vlow=cost_vlow:~~~~~~~~~~~~~~~~~~~~~~~~~~~~~~  [  2001 - 59%] 
 benefit_high=cost_vhigh:                                [     0 -  0%] 
 benefit_vlow=cost_low:~~~~~~~                         [   495 - 15%] 
 benefit_low=cost_vhigh:                                [     0 -  0%] 
 benefit_vlow=cost_high:                                [     0 -  0%] 
 benefit_vlow=cost_vhigh:                                [     0 -  0%] 

 Worth=1.080695
 Granularity=3 Promising=-10000000.000000 Useful=1.000000 nChanges=1
 Treatment:[
	cav03 of cal=n]

 benefi_vhigh=cost_vlow:                                [     1 -  0%] 
 benefi_vhigh=cost_low:                                [     4 -  0%] 
 benefit_high=cost_vlow:                                [     9 -  0%] 
 benefit_high=cost_low:                                [    15 -  0%] 
 benefi_vhigh=cost_high:                                [     0 -  0%] 
 benefit_low=cost_vlow:~~~~~~                          [   463 - 14%] 
 benefit_high=cost_high:                                [     0 -  0%] 
 benefit_low=cost_low:~~~~~                           [   376 - 11%] 
 benefit_low=cost_high:                                [     0 -  0%] 
 benefi_vhigh=cost_vhigh:                                [     0 -  0%] 
 benefit_vlow=cost_vlow:~~~~~~~~~~~~~~~~~~~~~~~~~~~~~~  [  2001 - 59%] 
 benefit_high=cost_vhigh:                                [     0 -  0%] 
 benefit_vlow=cost_low:~~~~~~~                         [   495 - 15%] 
 benefit_low=cost_vhigh:                                [     0 -  0%] 
 benefit_vlow=cost_high:                                [     0 -  0%] 
 benefit_vlow=cost_vhigh:                                [     0 -  0%] 

 Worth=1.080695
 Granularity=3 Promising=-10000000.000000 Useful=1.000000 nChanges=1
 Treatment:[
	cav04 of cal=n]

 benefi_vhigh=cost_vlow:                                [     1 -  0%] 
 benefi_vhigh=cost_low:                                [     4 -  0%] 
 benefit_high=cost_vlow:                                [     9 -  0%] 
 benefit_high=cost_low:                                [    15 -  0%] 
 benefi_vhigh=cost_high:                                [     0 -  0%] 
 benefit_low=cost_vlow:~~~~~~                          [   463 - 14%] 
 benefit_high=cost_high:                                [     0 -  0%] 
 benefit_low=cost_low:~~~~~                           [   376 - 11%] 
 benefit_low=cost_high:                                [     0 -  0%] 
 benefi_vhigh=cost_vhigh:                                [     0 -  0%] 
 benefit_vlow=cost_vlow:~~~~~~~~~~~~~~~~~~~~~~~~~~~~~~  [  2001 - 59%] 
 benefit_high=cost_vhigh:                                [     0 -  0%] 
 benefit_vlow=cost_low:~~~~~~~                         [   495 - 15%] 
 benefit_low=cost_vhigh:                                [     0 -  0%] 
 benefit_vlow=cost_high:                                [     0 -  0%] 
 benefit_vlow=cost_vhigh:                                [     0 -  0%] 

 Worth=1.080695
 Granularity=3 Promising=-10000000.000000 Useful=1.000000 nChanges=1
 Treatment:[
	cav05 of cal=n]

 benefi_vhigh=cost_vlow:                                [     1 -  0%] 
 benefi_vhigh=cost_low:                                [     4 -  0%] 
 benefit_high=cost_vlow:                                [     9 -  0%] 
 benefit_high=cost_low:                                [    15 -  0%] 
 benefi_vhigh=cost_high:                                [     0 -  0%] 
 benefit_low=cost_vlow:~~~~~~                          [   463 - 14%] 
 benefit_high=cost_high:                                [     0 -  0%] 
 benefit_low=cost_low:~~~~~                           [   376 - 11%] 
 benefit_low=cost_high:                                [     0 -  0%] 
 benefi_vhigh=cost_vhigh:                                [     0 -  0%] 
 benefit_vlow=cost_vlow:~~~~~~~~~~~~~~~~~~~~~~~~~~~~~~  [  2001 - 59%] 
 benefit_high=cost_vhigh:                                [     0 -  0%] 
 benefit_vlow=cost_low:~~~~~~~                         [   495 - 15%] 
 benefit_low=cost_vhigh:                                [     0 -  0%] 
 benefit_vlow=cost_high:                                [     0 -  0%] 
 benefit_vlow=cost_vhigh:                                [     0 -  0%] 

 Worth=1.080695
 Granularity=3 Promising=-10000000.000000 Useful=1.000000 nChanges=1
 Treatment:[
	cav06 of cal=n]

 benefi_vhigh=cost_vlow:                                [     1 -  0%] 
 benefi_vhigh=cost_low:                                [     4 -  0%] 
 benefit_high=cost_vlow:                                [     9 -  0%] 
 benefit_high=cost_low:                                [    15 -  0%] 
 benefi_vhigh=cost_high:                                [     0 -  0%] 
 benefit_low=cost_vlow:~~~~~~                          [   463 - 14%] 
 benefit_high=cost_high:                                [     0 -  0%] 
 benefit_low=cost_low:~~~~~                           [   376 - 11%] 
 benefit_low=cost_high:                                [     0 -  0%] 
 benefi_vhigh=cost_vhigh:                                [     0 -  0%] 
 benefit_vlow=cost_vlow:~~~~~~~~~~~~~~~~~~~~~~~~~~~~~~  [  2001 - 59%] 
 benefit_high=cost_vhigh:                                [     0 -  0%] 
 benefit_vlow=cost_low:~~~~~~~                         [   495 - 15%] 
 benefit_low=cost_vhigh:                                [     0 -  0%] 
 benefit_vlow=cost_high:                                [     0 -  0%] 
 benefit_vlow=cost_vhigh:                                [     0 -  0%] 

 Worth=1.080695
 Granularity=3 Promising=-10000000.000000 Useful=1.000000 nChanges=1
 Treatment:[
	dav01 of dal=n]

 benefi_vhigh=cost_vlow:                                [     1 -  0%] 
 benefi_vhigh=cost_low:                                [     4 -  0%] 
 benefit_high=cost_vlow:                                [     9 -  0%] 
 benefit_high=cost_low:                                [    15 -  0%] 
 benefi_vhigh=cost_high:                                [     0 -  0%] 
 benefit_low=cost_vlow:~~~~~~                          [   463 - 14%] 
 benefit_high=cost_high:                                [     0 -  0%] 
 benefit_low=cost_low:~~~~~                           [   376 - 11%] 
 benefit_low=cost_high:                                [     0 -  0%] 
 benefi_vhigh=cost_vhigh:                                [     0 -  0%] 
 benefit_vlow=cost_vlow:~~~~~~~~~~~~~~~~~~~~~~~~~~~~~~  [  2001 - 59%] 
 benefit_high=cost_vhigh:                                [     0 -  0%] 
 benefit_vlow=cost_low:~~~~~~~                         [   495 - 15%] 
 benefit_low=cost_vhigh:                                [     0 -  0%] 
 benefit_vlow=cost_high:                                [     0 -  0%] 
 benefit_vlow=cost_vhigh:                                [     0 -  0%] 

 Worth=1.080695
 Granularity=3 Promising=-10000000.000000 Useful=1.000000 nChanges=1
 Treatment:[
	dav02 of dal=n]

 benefi_vhigh=cost_vlow:                                [     1 -  0%] 
 benefi_vhigh=cost_low:                                [     4 -  0%] 
 benefit_high=cost_vlow:                                [     9 -  0%] 
 benefit_high=cost_low:                                [    15 -  0%] 
 benefi_vhigh=cost_high:                                [     0 -  0%] 
 benefit_low=cost_vlow:~~~~~~                          [   463 - 14%] 
 benefit_high=cost_high:                                [     0 -  0%] 
 benefit_low=cost_low:~~~~~                           [   376 - 11%] 
 benefit_low=cost_high:                                [     0 -  0%] 
 benefi_vhigh=cost_vhigh:                                [     0 -  0%] 
 benefit_vlow=cost_vlow:~~~~~~~~~~~~~~~~~~~~~~~~~~~~~~  [  2001 - 59%] 
 benefit_high=cost_vhigh:                                [     0 -  0%] 
 benefit_vlow=cost_low:~~~~~~~                         [   495 - 15%] 
 benefit_low=cost_vhigh:                                [     0 -  0%] 
 benefit_vlow=cost_high:                                [     0 -  0%] 
 benefit_vlow=cost_vhigh:                                [     0 -  0%] 

 Worth=1.080695
 Granularity=3 Promising=-10000000.000000 Useful=1.000000 nChanges=1
 Treatment:[
	dav03 of dal=n]

 benefi_vhigh=cost_vlow:                                [     1 -  0%] 
 benefi_vhigh=cost_low:                                [     4 -  0%] 
 benefit_high=cost_vlow:                                [     9 -  0%] 
 benefit_high=cost_low:                                [    15 -  0%] 
 benefi_vhigh=cost_high:                                [     0 -  0%] 
 benefit_low=cost_vlow:~~~~~~                          [   463 - 14%] 
 benefit_high=cost_high:                                [     0 -  0%] 
 benefit_low=cost_low:~~~~~                           [   376 - 11%] 
 benefit_low=cost_high:                                [     0 -  0%] 
 benefi_vhigh=cost_vhigh:                                [     0 -  0%] 
 benefit_vlow=cost_vlow:~~~~~~~~~~~~~~~~~~~~~~~~~~~~~~  [  2001 - 59%] 
 benefit_high=cost_vhigh:                                [     0 -  0%] 
 benefit_vlow=cost_low:~~~~~~~                         [   495 - 15%] 
 benefit_low=cost_vhigh:                                [     0 -  0%] 
 benefit_vlow=cost_high:                                [     0 -  0%] 
 benefit_vlow=cost_vhigh:                                [     0 -  0%] 

 Worth=1.080695
 Granularity=3 Promising=-10000000.000000 Useful=1.000000 nChanges=1
 Treatment:[
	dav04 of dal=n]

 benefi_vhigh=cost_vlow:                                [     1 -  0%] 
 benefi_vhigh=cost_low:                                [     4 -  0%] 
 benefit_high=cost_vlow:                                [     9 -  0%] 
 benefit_high=cost_low:                                [    15 -  0%] 
 benefi_vhigh=cost_high:                                [     0 -  0%] 
 benefit_low=cost_vlow:~~~~~~                          [   463 - 14%] 
 benefit_high=cost_high:                                [     0 -  0%] 
 benefit_low=cost_low:~~~~~                           [   376 - 11%] 
 benefit_low=cost_high:                                [     0 -  0%] 
 benefi_vhigh=cost_vhigh:                                [     0 -  0%] 
 benefit_vlow=cost_vlow:~~~~~~~~~~~~~~~~~~~~~~~~~~~~~~  [  2001 - 59%] 
 benefit_high=cost_vhigh:                                [     0 -  0%] 
 benefit_vlow=cost_low:~~~~~~~                         [   495 - 15%] 
 benefit_low=cost_vhigh:                                [     0 -  0%] 
 benefit_vlow=cost_high:                                [     0 -  0%] 
 benefit_vlow=cost_vhigh:                                [     0 -  0%] 

 Worth=1.080695
 Granularity=3 Promising=-10000000.000000 Useful=1.000000 nChanges=1
 Treatment:[
	dav05 of dal=n]

 benefi_vhigh=cost_vlow:                                [     1 -  0%] 
 benefi_vhigh=cost_low:                                [     4 -  0%] 
 benefit_high=cost_vlow:                                [     9 -  0%] 
 benefit_high=cost_low:                                [    15 -  0%] 
 benefi_vhigh=cost_high:                                [     0 -  0%] 
 benefit_low=cost_vlow:~~~~~~                          [   463 - 14%] 
 benefit_high=cost_high:                                [     0 -  0%] 
 benefit_low=cost_low:~~~~~                           [   376 - 11%] 
 benefit_low=cost_high:                                [     0 -  0%] 
 benefi_vhigh=cost_vhigh:                                [     0 -  0%] 
 benefit_vlow=cost_vlow:~~~~~~~~~~~~~~~~~~~~~~~~~~~~~~  [  2001 - 59%] 
 benefit_high=cost_vhigh:                                [     0 -  0%] 
 benefit_vlow=cost_low:~~~~~~~                         [   495 - 15%] 
 benefit_low=cost_vhigh:                                [     0 -  0%] 
 benefit_vlow=cost_high:                                [     0 -  0%] 
 benefit_vlow=cost_vhigh:                                [     0 -  0%] 

 Worth=1.080695
 Granularity=3 Promising=-10000000.000000 Useful=1.000000 nChanges=1
 Treatment:[
	dav06 of dal=n]

 benefi_vhigh=cost_vlow:                                [     1 -  0%] 
 benefi_vhigh=cost_low:                                [     4 -  0%] 
 benefit_high=cost_vlow:                                [     9 -  0%] 
 benefit_high=cost_low:                                [    15 -  0%] 
 benefi_vhigh=cost_high:                                [     0 -  0%] 
 benefit_low=cost_vlow:~~~~~~                          [   463 - 14%] 
 benefit_high=cost_high:                                [     0 -  0%] 
 benefit_low=cost_low:~~~~~                           [   376 - 11%] 
 benefit_low=cost_high:                                [     0 -  0%] 
 benefi_vhigh=cost_vhigh:                                [     0 -  0%] 
 benefit_vlow=cost_vlow:~~~~~~~~~~~~~~~~~~~~~~~~~~~~~~  [  2001 - 59%] 
 benefit_high=cost_vhigh:                                [     0 -  0%] 
 benefit_vlow=cost_low:~~~~~~~                         [   495 - 15%] 
 benefit_low=cost_vhigh:                                [     0 -  0%] 
 benefit_vlow=cost_high:                                [     0 -  0%] 
 benefit_vlow=cost_vhigh:                                [     0 -  0%] 

 Worth=1.080695
 Granularity=3 Promising=-10000000.000000 Useful=1.000000 nChanges=1
 Treatment:[
	dav07 of dal=n]

 benefi_vhigh=cost_vlow:                                [     1 -  0%] 
 benefi_vhigh=cost_low:                                [     4 -  0%] 
 benefit_high=cost_vlow:                                [     9 -  0%] 
 benefit_high=cost_low:                                [    15 -  0%] 
 benefi_vhigh=cost_high:                                [     0 -  0%] 
 benefit_low=cost_vlow:~~~~~~                          [   463 - 14%] 
 benefit_high=cost_high:                                [     0 -  0%] 
 benefit_low=cost_low:~~~~~                           [   376 - 11%] 
 benefit_low=cost_high:                                [     0 -  0%] 
 benefi_vhigh=cost_vhigh:                                [     0 -  0%] 
 benefit_vlow=cost_vlow:~~~~~~~~~~~~~~~~~~~~~~~~~~~~~~  [  2001 - 59%] 
 benefit_high=cost_vhigh:                                [     0 -  0%] 
 benefit_vlow=cost_low:~~~~~~~                         [   495 - 15%] 
 benefit_low=cost_vhigh:                                [     0 -  0%] 
 benefit_vlow=cost_high:                                [     0 -  0%] 
 benefit_vlow=cost_vhigh:                                [     0 -  0%] 

 Worth=1.080695
 Granularity=3 Promising=-10000000.000000 Useful=1.000000 nChanges=1
 Treatment:[
	dav08 of dal=n]

 benefi_vhigh=cost_vlow:                                [     1 -  0%] 
 benefi_vhigh=cost_low:                                [     4 -  0%] 
 benefit_high=cost_vlow:                                [     9 -  0%] 
 benefit_high=cost_low:                                [    15 -  0%] 
 benefi_vhigh=cost_high:                                [     0 -  0%] 
 benefit_low=cost_vlow:~~~~~~                          [   463 - 14%] 
 benefit_high=cost_high:                                [     0 -  0%] 
 benefit_low=cost_low:~~~~~                           [   376 - 11%] 
 benefit_low=cost_high:                                [     0 -  0%] 
 benefi_vhigh=cost_vhigh:                                [     0 -  0%] 
 benefit_vlow=cost_vlow:~~~~~~~~~~~~~~~~~~~~~~~~~~~~~~  [  2001 - 59%] 
 benefit_high=cost_vhigh:                                [     0 -  0%] 
 benefit_vlow=cost_low:~~~~~~~                         [   495 - 15%] 
 benefit_low=cost_vhigh:                                [     0 -  0%] 
 benefit_vlow=cost_high:                                [     0 -  0%] 
 benefit_vlow=cost_vhigh:                                [     0 -  0%] 

 Worth=1.080695
 Granularity=3 Promising=-10000000.000000 Useful=1.000000 nChanges=1
 Treatment:[
	dav09 of dal=n]

 benefi_vhigh=cost_vlow:                                [     1 -  0%] 
 benefi_vhigh=cost_low:                                [     4 -  0%] 
 benefit_high=cost_vlow:                                [     9 -  0%] 
 benefit_high=cost_low:                                [    15 -  0%] 
 benefi_vhigh=cost_high:                                [     0 -  0%] 
 benefit_low=cost_vlow:~~~~~~                          [   463 - 14%] 
 benefit_high=cost_high:                                [     0 -  0%] 
 benefit_low=cost_low:~~~~~                           [   376 - 11%] 
 benefit_low=cost_high:                                [     0 -  0%] 
 benefi_vhigh=cost_vhigh:                                [     0 -  0%] 
 benefit_vlow=cost_vlow:~~~~~~~~~~~~~~~~~~~~~~~~~~~~~~  [  2001 - 59%] 
 benefit_high=cost_vhigh:                                [     0 -  0%] 
 benefit_vlow=cost_low:~~~~~~~                         [   495 - 15%] 
 benefit_low=cost_vhigh:                                [     0 -  0%] 
 benefit_vlow=cost_high:                                [     0 -  0%] 
 benefit_vlow=cost_vhigh:                                [     0 -  0%] 

 Worth=1.080695
 Granularity=3 Promising=-10000000.000000 Useful=1.000000 nChanges=1
 Treatment:[
	tav08 of tal=n]

 benefi_vhigh=cost_vlow:                                [     1 -  0%] 
 benefi_vhigh=cost_low:                                [     4 -  0%] 
 benefit_high=cost_vlow:                                [     9 -  0%] 
 benefit_high=cost_low:                                [    15 -  0%] 
 benefi_vhigh=cost_high:                                [     0 -  0%] 
 benefit_low=cost_vlow:~~~~~~                          [   463 - 14%] 
 benefit_high=cost_high:                                [     0 -  0%] 
 benefit_low=cost_low:~~~~~                           [   376 - 11%] 
 benefit_low=cost_high:                                [     0 -  0%] 
 benefi_vhigh=cost_vhigh:                                [     0 -  0%] 
 benefit_vlow=cost_vlow:~~~~~~~~~~~~~~~~~~~~~~~~~~~~~~  [  2001 - 59%] 
 benefit_high=cost_vhigh:                                [     0 -  0%] 
 benefit_vlow=cost_low:~~~~~~~                         [   495 - 15%] 
 benefit_low=cost_vhigh:                                [     0 -  0%] 
 benefit_vlow=cost_high:                                [     0 -  0%] 
 benefit_vlow=cost_vhigh:                                [     0 -  0%] 

 Worth=1.080695
 Granularity=3 Promising=-10000000.000000 Useful=1.000000 nChanges=1
 Treatment:[
	tav09 of tal=n]

 benefi_vhigh=cost_vlow:                                [     1 -  0%] 
 benefi_vhigh=cost_low:                                [     4 -  0%] 
 benefit_high=cost_vlow:                                [     9 -  0%] 
 benefit_high=cost_low:                                [    15 -  0%] 
 benefi_vhigh=cost_high:                                [     0 -  0%] 
 benefit_low=cost_vlow:~~~~~~                          [   463 - 14%] 
 benefit_high=cost_high:                                [     0 -  0%] 
 benefit_low=cost_low:~~~~~                           [   376 - 11%] 
 benefit_low=cost_high:                                [     0 -  0%] 
 benefi_vhigh=cost_vhigh:                                [     0 -  0%] 
 benefit_vlow=cost_vlow:~~~~~~~~~~~~~~~~~~~~~~~~~~~~~~  [  2001 - 59%] 
 benefit_high=cost_vhigh:                                [     0 -  0%] 
 benefit_vlow=cost_low:~~~~~~~                         [   495 - 15%] 
 benefit_low=cost_vhigh:                                [     0 -  0%] 
 benefit_vlow=cost_high:                                [     0 -  0%] 
 benefit_vlow=cost_vhigh:                                [     0 -  0%] 

 Worth=1.149565
 Granularity=3 Promising=-10000000.000000 Useful=1.000000 nChanges=1
 Treatment:[
	cav08 of cal=y]

 benefi_vhigh=cost_vlow:                                [     0 -  0%] 
 benefi_vhigh=cost_low:~~~~~~                          [   212 -  3%] 
 benefit_high=cost_vlow:                                [     0 -  0%] 
 benefit_high=cost_low:~~~~~~                          [   231 -  3%] 
 benefi_vhigh=cost_high:~~~~~~~~~~~~~~~~~~~~~~~~~~~~~~  [  1055 - 14%] 
 benefit_low=cost_vlow:~~~~~~~~~~~                     [   395 -  5%] 
 benefit_high=cost_high:~~~~~~~~~~~~~~~~~~~~~~~~~~      [   948 - 13%] 
 benefit_low=cost_low:~~~~~~~~~~~~~~~~~~              [   639 -  8%] 
 benefit_low=cost_high:~~~~~~~~~~~~~~                  [   496 -  7%] 
 benefi_vhigh=cost_vhigh:~~~~~~~~~~~~~~~~~~~~~~~~~~~~~   [  1033 - 14%] 
 benefit_vlow=cost_vlow:~~~~~~~~~~~~~~~~                [   564 -  7%] 
 benefit_high=cost_vhigh:~~~~~~~~~~~~~~~~~~~~~~~~~~      [   916 - 12%] 
 benefit_vlow=cost_low:~~~~~~~~~~~~~~                  [   497 -  7%] 
 benefit_low=cost_vhigh:~~~~~~~~~~~~~~~                 [   549 -  7%] 
 benefit_vlow=cost_high:                                [     1 -  0%] 
 benefit_vlow=cost_vhigh:                                [     1 -  0%] 

 Worth=1.149565
 Granularity=3 Promising=-10000000.000000 Useful=1.000000 nChanges=1
 Treatment:[
	cav09 of cal=y]

 benefi_vhigh=cost_vlow:                                [     0 -  0%] 
 benefi_vhigh=cost_low:~~~~~~                          [   212 -  3%] 
 benefit_high=cost_vlow:                                [     0 -  0%] 
 benefit_high=cost_low:~~~~~~                          [   231 -  3%] 
 benefi_vhigh=cost_high:~~~~~~~~~~~~~~~~~~~~~~~~~~~~~~  [  1055 - 14%] 
 benefit_low=cost_vlow:~~~~~~~~~~~                     [   395 -  5%] 
 benefit_high=cost_high:~~~~~~~~~~~~~~~~~~~~~~~~~~      [   948 - 13%] 
 benefit_low=cost_low:~~~~~~~~~~~~~~~~~~              [   639 -  8%] 
 benefit_low=cost_high:~~~~~~~~~~~~~~                  [   496 -  7%] 
 benefi_vhigh=cost_vhigh:~~~~~~~~~~~~~~~~~~~~~~~~~~~~~   [  1033 - 14%] 
 benefit_vlow=cost_vlow:~~~~~~~~~~~~~~~~                [   564 -  7%] 
 benefit_high=cost_vhigh:~~~~~~~~~~~~~~~~~~~~~~~~~~      [   916 - 12%] 
 benefit_vlow=cost_low:~~~~~~~~~~~~~~                  [   497 -  7%] 
 benefit_low=cost_vhigh:~~~~~~~~~~~~~~~                 [   549 -  7%] 
 benefit_vlow=cost_high:                                [     1 -  0%] 
 benefit_vlow=cost_vhigh:                                [     1 -  0%] 

 Worth=1.149565
 Granularity=3 Promising=-10000000.000000 Useful=1.000000 nChanges=1
 Treatment:[
	cav10 of cal=y]

 benefi_vhigh=cost_vlow:                                [     0 -  0%] 
 benefi_vhigh=cost_low:~~~~~~                          [   212 -  3%] 
 benefit_high=cost_vlow:                                [     0 -  0%] 
 benefit_high=cost_low:~~~~~~                          [   231 -  3%] 
 benefi_vhigh=cost_high:~~~~~~~~~~~~~~~~~~~~~~~~~~~~~~  [  1055 - 14%] 
 benefit_low=cost_vlow:~~~~~~~~~~~                     [   395 -  5%] 
 benefit_high=cost_high:~~~~~~~~~~~~~~~~~~~~~~~~~~      [   948 - 13%] 
 benefit_low=cost_low:~~~~~~~~~~~~~~~~~~              [   639 -  8%] 
 benefit_low=cost_high:~~~~~~~~~~~~~~                  [   496 -  7%] 
 benefi_vhigh=cost_vhigh:~~~~~~~~~~~~~~~~~~~~~~~~~~~~~   [  1033 - 14%] 
 benefit_vlow=cost_vlow:~~~~~~~~~~~~~~~~                [   564 -  7%] 
 benefit_high=cost_vhigh:~~~~~~~~~~~~~~~~~~~~~~~~~~      [   916 - 12%] 
 benefit_vlow=cost_low:~~~~~~~~~~~~~~                  [   497 -  7%] 
 benefit_low=cost_vhigh:~~~~~~~~~~~~~~~                 [   549 -  7%] 
 benefit_vlow=cost_high:                                [     1 -  0%] 
 benefit_vlow=cost_vhigh:                                [     1 -  0%] 

 Worth=1.149565
 Granularity=3 Promising=-10000000.000000 Useful=1.000000 nChanges=1
 Treatment:[
	dav10 of dal=y]

 benefi_vhigh=cost_vlow:                                [     0 -  0%] 
 benefi_vhigh=cost_low:~~~~~~                          [   212 -  3%] 
 benefit_high=cost_vlow:                                [     0 -  0%] 
 benefit_high=cost_low:~~~~~~                          [   231 -  3%] 
 benefi_vhigh=cost_high:~~~~~~~~~~~~~~~~~~~~~~~~~~~~~~  [  1055 - 14%] 
 benefit_low=cost_vlow:~~~~~~~~~~~                     [   395 -  5%] 
 benefit_high=cost_high:~~~~~~~~~~~~~~~~~~~~~~~~~~      [   948 - 13%] 
 benefit_low=cost_low:~~~~~~~~~~~~~~~~~~              [   639 -  8%] 
 benefit_low=cost_high:~~~~~~~~~~~~~~                  [   496 -  7%] 
 benefi_vhigh=cost_vhigh:~~~~~~~~~~~~~~~~~~~~~~~~~~~~~   [  1033 - 14%] 
 benefit_vlow=cost_vlow:~~~~~~~~~~~~~~~~                [   564 -  7%] 
 benefit_high=cost_vhigh:~~~~~~~~~~~~~~~~~~~~~~~~~~      [   916 - 12%] 
 benefit_vlow=cost_low:~~~~~~~~~~~~~~                  [   497 -  7%] 
 benefit_low=cost_vhigh:~~~~~~~~~~~~~~~                 [   549 -  7%] 
 benefit_vlow=cost_high:                                [     1 -  0%] 
 benefit_vlow=cost_vhigh:                                [     1 -  0%] 

 Worth=1.149565
 Granularity=3 Promising=-10000000.000000 Useful=1.000000 nChanges=1
 Treatment:[
	dav11 of dal=y]

 benefi_vhigh=cost_vlow:                                [     0 -  0%] 
 benefi_vhigh=cost_low:~~~~~~                          [   212 -  3%] 
 benefit_high=cost_vlow:                                [     0 -  0%] 
 benefit_high=cost_low:~~~~~~                          [   231 -  3%] 
 benefi_vhigh=cost_high:~~~~~~~~~~~~~~~~~~~~~~~~~~~~~~  [  1055 - 14%] 
 benefit_low=cost_vlow:~~~~~~~~~~~                     [   395 -  5%] 
 benefit_high=cost_high:~~~~~~~~~~~~~~~~~~~~~~~~~~      [   948 - 13%] 
 benefit_low=cost_low:~~~~~~~~~~~~~~~~~~              [   639 -  8%] 
 benefit_low=cost_high:~~~~~~~~~~~~~~                  [   496 -  7%] 
 benefi_vhigh=cost_vhigh:~~~~~~~~~~~~~~~~~~~~~~~~~~~~~   [  1033 - 14%] 
 benefit_vlow=cost_vlow:~~~~~~~~~~~~~~~~                [   564 -  7%] 
 benefit_high=cost_vhigh:~~~~~~~~~~~~~~~~~~~~~~~~~~      [   916 - 12%] 
 benefit_vlow=cost_low:~~~~~~~~~~~~~~                  [   497 -  7%] 
 benefit_low=cost_vhigh:~~~~~~~~~~~~~~~                 [   549 -  7%] 
 benefit_vlow=cost_high:                                [     1 -  0%] 
 benefit_vlow=cost_vhigh:                                [     1 -  0%] 

 Worth=1.149565
 Granularity=3 Promising=-10000000.000000 Useful=1.000000 nChanges=1
 Treatment:[
	dav12 of dal=y]

 benefi_vhigh=cost_vlow:                                [     0 -  0%] 
 benefi_vhigh=cost_low:~~~~~~                          [   212 -  3%] 
 benefit_high=cost_vlow:                                [     0 -  0%] 
 benefit_high=cost_low:~~~~~~                          [   231 -  3%] 
 benefi_vhigh=cost_high:~~~~~~~~~~~~~~~~~~~~~~~~~~~~~~  [  1055 - 14%] 
 benefit_low=cost_vlow:~~~~~~~~~~~                     [   395 -  5%] 
 benefit_high=cost_high:~~~~~~~~~~~~~~~~~~~~~~~~~~      [   948 - 13%] 
 benefit_low=cost_low:~~~~~~~~~~~~~~~~~~              [   639 -  8%] 
 benefit_low=cost_high:~~~~~~~~~~~~~~                  [   496 -  7%] 
 benefi_vhigh=cost_vhigh:~~~~~~~~~~~~~~~~~~~~~~~~~~~~~   [  1033 - 14%] 
 benefit_vlow=cost_vlow:~~~~~~~~~~~~~~~~                [   564 -  7%] 
 benefit_high=cost_vhigh:~~~~~~~~~~~~~~~~~~~~~~~~~~      [   916 - 12%] 
 benefit_vlow=cost_low:~~~~~~~~~~~~~~                  [   497 -  7%] 
 benefit_low=cost_vhigh:~~~~~~~~~~~~~~~                 [   549 -  7%] 
 benefit_vlow=cost_high:                                [     1 -  0%] 
 benefit_vlow=cost_vhigh:                                [     1 -  0%] 

 Worth=1.149565
 Granularity=3 Promising=-10000000.000000 Useful=1.000000 nChanges=1
 Treatment:[
	dav13 of dal=y]

 benefi_vhigh=cost_vlow:                                [     0 -  0%] 
 benefi_vhigh=cost_low:~~~~~~                          [   212 -  3%] 
 benefit_high=cost_vlow:                                [     0 -  0%] 
 benefit_high=cost_low:~~~~~~                          [   231 -  3%] 
 benefi_vhigh=cost_high:~~~~~~~~~~~~~~~~~~~~~~~~~~~~~~  [  1055 - 14%] 
 benefit_low=cost_vlow:~~~~~~~~~~~                     [   395 -  5%] 
 benefit_high=cost_high:~~~~~~~~~~~~~~~~~~~~~~~~~~      [   948 - 13%] 
 benefit_low=cost_low:~~~~~~~~~~~~~~~~~~              [   639 -  8%] 
 benefit_low=cost_high:~~~~~~~~~~~~~~                  [   496 -  7%] 
 benefi_vhigh=cost_vhigh:~~~~~~~~~~~~~~~~~~~~~~~~~~~~~   [  1033 - 14%] 
 benefit_vlow=cost_vlow:~~~~~~~~~~~~~~~~                [   564 -  7%] 
 benefit_high=cost_vhigh:~~~~~~~~~~~~~~~~~~~~~~~~~~      [   916 - 12%] 
 benefit_vlow=cost_low:~~~~~~~~~~~~~~                  [   497 -  7%] 
 benefit_low=cost_vhigh:~~~~~~~~~~~~~~~                 [   549 -  7%] 
 benefit_vlow=cost_high:                                [     1 -  0%] 
 benefit_vlow=cost_vhigh:                                [     1 -  0%] 

 Worth=1.149565
 Granularity=3 Promising=-10000000.000000 Useful=1.000000 nChanges=1
 Treatment:[
	rav10 of ral=y]

 benefi_vhigh=cost_vlow:                                [     0 -  0%] 
 benefi_vhigh=cost_low:~~~~~~                          [   212 -  3%] 
 benefit_high=cost_vlow:                                [     0 -  0%] 
 benefit_high=cost_low:~~~~~~                          [   231 -  3%] 
 benefi_vhigh=cost_high:~~~~~~~~~~~~~~~~~~~~~~~~~~~~~~  [  1055 - 14%] 
 benefit_low=cost_vlow:~~~~~~~~~~~                     [   395 -  5%] 
 benefit_high=cost_high:~~~~~~~~~~~~~~~~~~~~~~~~~~      [   948 - 13%] 
 benefit_low=cost_low:~~~~~~~~~~~~~~~~~~              [   639 -  8%] 
 benefit_low=cost_high:~~~~~~~~~~~~~~                  [   496 -  7%] 
 benefi_vhigh=cost_vhigh:~~~~~~~~~~~~~~~~~~~~~~~~~~~~~   [  1033 - 14%] 
 benefit_vlow=cost_vlow:~~~~~~~~~~~~~~~~                [   564 -  7%] 
 benefit_high=cost_vhigh:~~~~~~~~~~~~~~~~~~~~~~~~~~      [   916 - 12%] 
 benefit_vlow=cost_low:~~~~~~~~~~~~~~                  [   497 -  7%] 
 benefit_low=cost_vhigh:~~~~~~~~~~~~~~~                 [   549 -  7%] 
 benefit_vlow=cost_high:                                [     1 -  0%] 
 benefit_vlow=cost_vhigh:                                [     1 -  0%] 

 Worth=1.149565
 Granularity=3 Promising=-10000000.000000 Useful=1.000000 nChanges=1
 Treatment:[
	rav11 of ral=y]

 benefi_vhigh=cost_vlow:                                [     0 -  0%] 
 benefi_vhigh=cost_low:~~~~~~                          [   212 -  3%] 
 benefit_high=cost_vlow:                                [     0 -  0%] 
 benefit_high=cost_low:~~~~~~                          [   231 -  3%] 
 benefi_vhigh=cost_high:~~~~~~~~~~~~~~~~~~~~~~~~~~~~~~  [  1055 - 14%] 
 benefit_low=cost_vlow:~~~~~~~~~~~                     [   395 -  5%] 
 benefit_high=cost_high:~~~~~~~~~~~~~~~~~~~~~~~~~~      [   948 - 13%] 
 benefit_low=cost_low:~~~~~~~~~~~~~~~~~~              [   639 -  8%] 
 benefit_low=cost_high:~~~~~~~~~~~~~~                  [   496 -  7%] 
 benefi_vhigh=cost_vhigh:~~~~~~~~~~~~~~~~~~~~~~~~~~~~~   [  1033 - 14%] 
 benefit_vlow=cost_vlow:~~~~~~~~~~~~~~~~                [   564 -  7%] 
 benefit_high=cost_vhigh:~~~~~~~~~~~~~~~~~~~~~~~~~~      [   916 - 12%] 
 benefit_vlow=cost_low:~~~~~~~~~~~~~~                  [   497 -  7%] 
 benefit_low=cost_vhigh:~~~~~~~~~~~~~~~                 [   549 -  7%] 
 benefit_vlow=cost_high:                                [     1 -  0%] 
 benefit_vlow=cost_vhigh:                                [     1 -  0%] 

 Worth=1.149565
 Granularity=3 Promising=-10000000.000000 Useful=1.000000 nChanges=1
 Treatment:[
	rav12 of ral=y]

 benefi_vhigh=cost_vlow:                                [     0 -  0%] 
 benefi_vhigh=cost_low:~~~~~~                          [   212 -  3%] 
 benefit_high=cost_vlow:                                [     0 -  0%] 
 benefit_high=cost_low:~~~~~~                          [   231 -  3%] 
 benefi_vhigh=cost_high:~~~~~~~~~~~~~~~~~~~~~~~~~~~~~~  [  1055 - 14%] 
 benefit_low=cost_vlow:~~~~~~~~~~~                     [   395 -  5%] 
 benefit_high=cost_high:~~~~~~~~~~~~~~~~~~~~~~~~~~      [   948 - 13%] 
 benefit_low=cost_low:~~~~~~~~~~~~~~~~~~              [   639 -  8%] 
 benefit_low=cost_high:~~~~~~~~~~~~~~                  [   496 -  7%] 
 benefi_vhigh=cost_vhigh:~~~~~~~~~~~~~~~~~~~~~~~~~~~~~   [  1033 - 14%] 
 benefit_vlow=cost_vlow:~~~~~~~~~~~~~~~~                [   564 -  7%] 
 benefit_high=cost_vhigh:~~~~~~~~~~~~~~~~~~~~~~~~~~      [   916 - 12%] 
 benefit_vlow=cost_low:~~~~~~~~~~~~~~                  [   497 -  7%] 
 benefit_low=cost_vhigh:~~~~~~~~~~~~~~~                 [   549 -  7%] 
 benefit_vlow=cost_high:                                [     1 -  0%] 
 benefit_vlow=cost_vhigh:                                [     1 -  0%] 

 Worth=1.149565
 Granularity=3 Promising=-10000000.000000 Useful=1.000000 nChanges=1
 Treatment:[
	rav13 of ral=y]

 benefi_vhigh=cost_vlow:                                [     0 -  0%] 
 benefi_vhigh=cost_low:~~~~~~                          [   212 -  3%] 
 benefit_high=cost_vlow:                                [     0 -  0%] 
 benefit_high=cost_low:~~~~~~                          [   231 -  3%] 
 benefi_vhigh=cost_high:~~~~~~~~~~~~~~~~~~~~~~~~~~~~~~  [  1055 - 14%] 
 benefit_low=cost_vlow:~~~~~~~~~~~                     [   395 -  5%] 
 benefit_high=cost_high:~~~~~~~~~~~~~~~~~~~~~~~~~~      [   948 - 13%] 
 benefit_low=cost_low:~~~~~~~~~~~~~~~~~~              [   639 -  8%] 
 benefit_low=cost_high:~~~~~~~~~~~~~~                  [   496 -  7%] 
 benefi_vhigh=cost_vhigh:~~~~~~~~~~~~~~~~~~~~~~~~~~~~~   [  1033 - 14%] 
 benefit_vlow=cost_vlow:~~~~~~~~~~~~~~~~                [   564 -  7%] 
 benefit_high=cost_vhigh:~~~~~~~~~~~~~~~~~~~~~~~~~~      [   916 - 12%] 
 benefit_vlow=cost_low:~~~~~~~~~~~~~~                  [   497 -  7%] 
 benefit_low=cost_vhigh:~~~~~~~~~~~~~~~                 [   549 -  7%] 
 benefit_vlow=cost_high:                                [     1 -  0%] 
 benefit_vlow=cost_vhigh:                                [     1 -  0%] 

 Worth=1.149565
 Granularity=3 Promising=-10000000.000000 Useful=1.000000 nChanges=1
 Treatment:[
	cav11 of cal=y]

 benefi_vhigh=cost_vlow:                                [     0 -  0%] 
 benefi_vhigh=cost_low:~~~~~~                          [   212 -  3%] 
 benefit_high=cost_vlow:                                [     0 -  0%] 
 benefit_high=cost_low:~~~~~~                          [   231 -  3%] 
 benefi_vhigh=cost_high:~~~~~~~~~~~~~~~~~~~~~~~~~~~~~~  [  1055 - 14%] 
 benefit_low=cost_vlow:~~~~~~~~~~~                     [   395 -  5%] 
 benefit_high=cost_high:~~~~~~~~~~~~~~~~~~~~~~~~~~      [   948 - 13%] 
 benefit_low=cost_low:~~~~~~~~~~~~~~~~~~              [   639 -  8%] 
 benefit_low=cost_high:~~~~~~~~~~~~~~                  [   496 -  7%] 
 benefi_vhigh=cost_vhigh:~~~~~~~~~~~~~~~~~~~~~~~~~~~~~   [  1033 - 14%] 
 benefit_vlow=cost_vlow:~~~~~~~~~~~~~~~~                [   564 -  7%] 
 benefit_high=cost_vhigh:~~~~~~~~~~~~~~~~~~~~~~~~~~      [   916 - 12%] 
 benefit_vlow=cost_low:~~~~~~~~~~~~~~                  [   497 -  7%] 
 benefit_low=cost_vhigh:~~~~~~~~~~~~~~~                 [   549 -  7%] 
 benefit_vlow=cost_high:                                [     1 -  0%] 
 benefit_vlow=cost_vhigh:                                [     1 -  0%] 

 Worth=1.149565
 Granularity=3 Promising=-10000000.000000 Useful=1.000000 nChanges=1
 Treatment:[
	cav07 of cal=y]

 benefi_vhigh=cost_vlow:                                [     0 -  0%] 
 benefi_vhigh=cost_low:~~~~~~                          [   212 -  3%] 
 benefit_high=cost_vlow:                                [     0 -  0%] 
 benefit_high=cost_low:~~~~~~                          [   231 -  3%] 
 benefi_vhigh=cost_high:~~~~~~~~~~~~~~~~~~~~~~~~~~~~~~  [  1055 - 14%] 
 benefit_low=cost_vlow:~~~~~~~~~~~                     [   395 -  5%] 
 benefit_high=cost_high:~~~~~~~~~~~~~~~~~~~~~~~~~~      [   948 - 13%] 
 benefit_low=cost_low:~~~~~~~~~~~~~~~~~~              [   639 -  8%] 
 benefit_low=cost_high:~~~~~~~~~~~~~~                  [   496 -  7%] 
 benefi_vhigh=cost_vhigh:~~~~~~~~~~~~~~~~~~~~~~~~~~~~~   [  1033 - 14%] 
 benefit_vlow=cost_vlow:~~~~~~~~~~~~~~~~                [   564 -  7%] 
 benefit_high=cost_vhigh:~~~~~~~~~~~~~~~~~~~~~~~~~~      [   916 - 12%] 
 benefit_vlow=cost_low:~~~~~~~~~~~~~~                  [   497 -  7%] 
 benefit_low=cost_vhigh:~~~~~~~~~~~~~~~                 [   549 -  7%] 
 benefit_vlow=cost_high:                                [     1 -  0%] 
 benefit_vlow=cost_vhigh:                                [     1 -  0%] 

 Worth=1.149565
 Granularity=3 Promising=-10000000.000000 Useful=1.000000 nChanges=1
 Treatment:[
	tav10 of tal=y]

 benefi_vhigh=cost_vlow:                                [     0 -  0%] 
 benefi_vhigh=cost_low:~~~~~~                          [   212 -  3%] 
 benefit_high=cost_vlow:                                [     0 -  0%] 
 benefit_high=cost_low:~~~~~~                          [   231 -  3%] 
 benefi_vhigh=cost_high:~~~~~~~~~~~~~~~~~~~~~~~~~~~~~~  [  1055 - 14%] 
 benefit_low=cost_vlow:~~~~~~~~~~~                     [   395 -  5%] 
 benefit_high=cost_high:~~~~~~~~~~~~~~~~~~~~~~~~~~      [   948 - 13%] 
 benefit_low=cost_low:~~~~~~~~~~~~~~~~~~              [   639 -  8%] 
 benefit_low=cost_high:~~~~~~~~~~~~~~                  [   496 -  7%] 
 benefi_vhigh=cost_vhigh:~~~~~~~~~~~~~~~~~~~~~~~~~~~~~   [  1033 - 14%] 
 benefit_vlow=cost_vlow:~~~~~~~~~~~~~~~~                [   564 -  7%] 
 benefit_high=cost_vhigh:~~~~~~~~~~~~~~~~~~~~~~~~~~      [   916 - 12%] 
 benefit_vlow=cost_low:~~~~~~~~~~~~~~                  [   497 -  7%] 
 benefit_low=cost_vhigh:~~~~~~~~~~~~~~~                 [   549 -  7%] 
 benefit_vlow=cost_high:                                [     1 -  0%] 
 benefit_vlow=cost_vhigh:                                [     1 -  0%] 


---- 08/11/02 13:41:06 ---
  Setup: 3 sec
Compute: 0 sec
  Apply: 1 sec
  Total: 4 sec
--------------------------------------
