-------------------------------------------------------------------
                Welcome to TARZAN (Version 2.2)
        Copyright (c) 2001 Tim Menzies (tim@menzies.com)
              Copy policy: GPL-2 (see www.gnu.org)

...while on high, our hero watches for the right chance to strike!
-------------------------------------------------------------------

NOW: specified
CHANGES: specified
default: SCORE for Classes not specified

Read 10000 cases (74 attributes) from credit_card_authorize.data

 Worth=1.000000
 Granularity=3 Promising=-10000000.000000 Useful=1.000000 nChanges=1
 Treatment:[No Treatment]

 benefit_vlow=cost_vhigh:                                [     0 -  0%] 
 benefit_vlow=cost_high:                                [     0 -  0%] 
 benefit_low=cost_vhigh:                                [     0 -  0%] 
 benefit_vlow=cost_low:                                [     0 -  0%] 
 benefit_high=cost_vhigh:                                [     0 -  0%] 
 benefit_vlow=cost_vlow:~~~~~~~~~~~~~~~~~~~~~~~~~~~~~~  [  2501 - 25%] 
 benefi_vhigh=cost_vhigh:                                [     0 -  0%] 
 benefit_low=cost_high:                                [     0 -  0%] 
 benefit_low=cost_low:                                [     0 -  0%] 
 benefit_high=cost_high:                                [     0 -  0%] 
 benefit_low=cost_vlow:~~~~~~~~~~~~~~~~~~~~~~~~~~~~~   [  2500 - 25%] 
 benefi_vhigh=cost_high:                                [     0 -  0%] 
 benefit_high=cost_low:                                [     0 -  0%] 
 benefit_high=cost_vlow:~~~~~~~~~~~~~~~~~~~~~~~~~~~~~   [  2500 - 25%] 
 benefi_vhigh=cost_low:                                [     0 -  0%] 
 benefi_vhigh=cost_vlow:~~~~~~~~~~~~~~~~~~~~~~~~~~~~~   [  2499 - 25%] 

	Confidence1 Distribution:

   0:~~~~~~~~~~~~~~~~~~~~~~~~~~~~~~  [    29 - 85%] 
 184750:~~~~~                           [     5 - 15%] 

 No treatment found!

---- 01/15/03 11:42:12 ---
  Setup: 0 sec
Compute: 1 sec
  Apply: 0 sec
  Total: 1 sec
--------------------------------------
